----------------------------------------
Ngay: 7/22/2016 - Thoi gian: 15:0
(1) : 0
(2) Takanashi  Family: 0
(3) None: 0
(4) None: 0
(5) None: 0
(6) None: 0
(7) None: 0
(8) Mafia Amazon: 0
(9) None: 0
(10) None: 0
(11) The Mika XII: 0
(12) None: 0
(13) None: 0
(14) Khong Co: 0
(15) Khong Co: 0
(16) None: 0
(17) None: 0
----------------------------------------
Ngay: 7/27/2016 - Thoi gian: 22:0
(1) : 0
(2) Takanashi  Family: 0
(3) None: 0
(4) None: 0
(5) None: 0
(6) None: 0
(7) None: 0
(8) Mafia Amazon: 0
(9) None: 0
(10) None: 0
(11) The Mika XII: 0
(12) None: 0
(13) None: 0
(14) Khong Co: 0
(15) Khong Co: 0
(16) None: 0
(17) None: 0
----------------------------------------
Ngay: 7/28/2016 - Thoi gian: 9:0
(1) : 0
(2) Takanashi  Family: 0
(3) None: 0
(4) None: 0
(5) None: 0
(6) None: 0
(7) None: 0
(8) Mafia Amazon: 0
(9) None: 0
(10) None: 0
(11) The Mika XII: 0
(12) None: 0
(13) None: 0
(14) Khong Co: 0
(15) Khong Co: 0
(16) None: 0
(17) None: 0
----------------------------------------
Ngay: 7/30/2016 - Thoi gian: 21:0
(1) : 0
(2) Takanashi  Family: 0
(3) None: 0
(4) None: 0
(5) None: 0
(6) None: 0
(7) None: 0
(8) Mafia Amazon: 0
(9) None: 0
(10) None: 0
(11) The Mika XII: 0
(12) None: 0
(13) None: 0
(14) Khong Co: 0
(15) Khong Co: 0
(16) None: 0
(17) None: 0
----------------------------------------
Ngay: 7/31/2016 - Thoi gian: 22:0
(1) : 0
(2) Takanashi  Family: 0
(3) None: 0
(4) None: 0
(5) None: 0
(6) None: 0
(7) None: 0
(8) Mafia Amazon: 0
(9) None: 0
(10) None: 0
(11) The Mika XII: 0
(12) None: 0
(13) None: 0
(14) Khong Co: 0
(15) Khong Co: 0
(16) None: 0
(17) None: 0
----------------------------------------
Ngay: 8/1/2016 - Thoi gian: 11:0
(1) : 0
(2) Takanashi  Family: 0
(3) None: 0
(4) None: 0
(5) None: 0
(6) None: 0
(7) None: 0
(8) Mafia Amazon: 0
(9) None: 0
(10) None: 0
(11) The Mika XII: 0
(12) None: 0
(13) None: 0
(14) Khong Co: 0
(15) Khong Co: 0
(16) None: 0
(17) None: 0
----------------------------------------
Ngay: 8/14/2016 - Thoi gian: 11:0
(1) : 0
(2) Takanashi  Family: 0
(3) None: 0
(4) None: 0
(5) None: 0
(6) None: 0
(7) None: 0
(8) Mafia Amazon: 0
(9) None: 0
(10) None: 0
(11) The Mika XII: 0
(12) None: 0
(13) None: 0
(14) Khong Co: 0
(15) Khong Co: 0
(16) None: 0
(17) None: 0
----------------------------------------
Ngay: 8/14/2016 - Thoi gian: 18:0
(1) : 0
(2) Takanashi  Family: 0
(3) None: 0
(4) None: 0
(5) None: 0
(6) None: 0
(7) None: 0
(8) Mafia Amazon: 0
(9) None: 0
(10) None: 0
(11) The Mika XII: 0
(12) None: 0
(13) None: 0
(14) Khong Co: 0
(15) Khong Co: 0
(16) None: 0
(17) None: 0
----------------------------------------
Ngay: 8/27/2016 - Thoi gian: 20:0
(1) : 0
(2) Takanashi  Family: 0
(3) None: 0
(4) None: 0
(5) None: 0
(6) None: 0
(7) None: 0
(8) Mafia Amazon: 0
(9) None: 0
(10) None: 0
(11) The Mika XII: 0
(12) None: 0
(13) None: 0
(14) Khong Co: 0
(15) Khong Co: 0
(16) None: 0
(17) None: 0
----------------------------------------
Ngay: 8/28/2016 - Thoi gian: 21:1
(1) : 0
(2) : 0
(3) : 0
(4) : 0
(5) : 0
(6) : 0
(7) : 0
(8) : 0
(9) : 0
(10) : 0
(11) : 0
(12) : 0
(13) : 0
(14) : 0
(15) : 0
(16) : 0
(17) : 0
----------------------------------------
Ngay: 9/19/2016 - Thoi gian: 12:0
(1) : 0
(2) : 0
(3) : 0
(4) : 0
(5) : 0
(6) : 0
(7) : 0
(8) : 0
(9) : 0
(10) : 0
(11) : 0
(12) : 0
(13) : 0
(14) : 0
(15) : 0
(16) : 0
(17) : 0
----------------------------------------
Ngay: 9/19/2016 - Thoi gian: 13:1
(1) : 0
(2) : 0
(3) : 0
(4) : 0
(5) : 0
(6) : 0
(7) : 0
(8) : 0
(9) : 0
(10) : 0
(11) : 0
(12) : 0
(13) : 0
(14) : 0
(15) : 0
(16) : 0
(17) : 0
----------------------------------------
Ngay: 7/2/2021 - Thoi gian: 10:0
(1) : 0
(2) Takanashi  Family: 0
(3) None: 0
(4) None: 0
(5) None: 0
(6) None: 0
(7) None: 0
(8) Mafia Amazon: 0
(9) None: 0
(10) None: 0
(11) The Mika XII: 0
(12) None: 0
(13) None: 0
(14) Khong Co: 0
(15) Khong Co: 0
(16) None: 0
(17) None: 0
