[2016/7/19 - 21:37:05]    M26's Playing Hours have been set to 2. by M26
[2016/7/27 - 20:44:28]    Thai Nguyen's Materials have been set to 100000. by Thai Nguyen
[2016/7/27 - 22:00:49]    Thai Nguyen's Materials have been set to 10000. by Thai Nguyen
[2016/7/28 - 9:06:00]    Thai Nguyen's Materials have been set to 100000. by Thai Nguyen
[2016/7/29 - 14:02:33] Thai Nguyen da dieu chinh tien Thai Nguyen's thanh $500000 (/setmoney)
[2016/7/29 - 14:02:50] Thai Nguyen da dieu chinh tien Thai Nguyen's thanh $50000 (/setmoney)
[2016/7/29 - 14:28:48] Thai Nguyen da dieu chinh tien Thai Nguyen's thanh $100000 (/setmoney)
[2016/7/29 - 14:37:11] Thai Nguyen da dieu chinh tien Thai Nguyen's thanh $1000 (/setmoney)
[2016/7/29 - 14:38:25] Thai Nguyen has given Thai Nguyen $10,000 (/givemoney)
[2016/7/29 - 14:38:37] Thai Nguyen has given Thai Nguyen $10,000 (/givemoney)
[2016/7/29 - 14:50:53] Thai Nguyen has given Thai Nguyen $10,000 (/givemoney)
[2016/7/29 - 14:50:57] Thai Nguyen has given Thai Nguyen $10,000 (/givemoney)
[2016/7/30 - 21:14:41]    Thai Nguyen's Credits have been set to 99. by Thai Nguyen
[2016/7/30 - 21:21:17]    Thai Nguyen's Credits have been set to 99. by Thai Nguyen
[2016/7/30 - 21:21:31]    Thai Nguyen's Credits have been set to 1000. by Thai Nguyen
[2016/7/30 - 21:30:24]    Thai Nguyen's Credits have been set to 56. by Thai Nguyen
[2016/7/30 - 21:30:49]    Thai Nguyen's Credits have been set to 1000. by Thai Nguyen
[2016/7/30 - 21:30:52]    Thai Nguyen's Credits have been set to 1000. by Thai Nguyen
[2016/7/30 - 21:36:09]    Thai Nguyen's Credits have been set to 59. by Thai Nguyen
[2016/7/30 - 21:36:43]    Thai Nguyen's Credits have been set to 1000. by Thai Nguyen
[2016/7/30 - 21:38:45]    Thai Nguyen's Credits have been set to 52. by Thai Nguyen
[2016/7/30 - 21:39:10]    Thai Nguyen's Credits have been set to 1000. by Thai Nguyen
[2016/7/30 - 21:42:59]    Thai Nguyen's Credits have been set to 53. by Thai Nguyen
[2016/7/30 - 21:43:21]    Thai Nguyen's Credits have been set to 1000. by Thai Nguyen
[2016/8/1 - 11:52:44] Thai Nguyen da dieu chinh tien Thai Nguyen's thanh $0 (/setmoney)
[2016/8/1 - 11:54:51] Thai Nguyen da dieu chinh tien Thai Nguyen's thanh $0 (/setmoney)
[2016/8/1 - 11:58:14] Thai Nguyen da dieu chinh tien Thai Nguyen's thanh $0 (/setmoney)
[2016/8/1 - 20:08:45]    Thai Nguyen's Credits have been set to 1000. by Thai Nguyen
[2016/8/14 - 10:12:14]    Thai Nguyen's Credits have been set to 1000. by Thai Nguyen
[2016/8/14 - 10:12:21]    Thai Nguyen's Materials have been set to 10000. by Thai Nguyen
[2016/8/14 - 18:28:56] Thai Nguyen has given Thai Nguyen $100,000 (/givemoney)
[2016/8/14 - 18:50:55] Thai Nguyen has given Thai Nguyen $50,000 (/givemoney)
[2016/8/14 - 18:51:03]    Thai Nguyen's Credits have been set to 1000. by Thai Nguyen
[2016/8/14 - 18:51:06]    Thai Nguyen's Materials have been set to 10000. by Thai Nguyen
[2016/8/15 - 13:17:27]    Thai Nguyen's Credits have been set to 1000. by Thai Nguyen
[2016/8/15 - 13:22:50]    Thai Nguyen's Materials have been set to 1000. by Thai Nguyen
[2016/8/27 - 20:04:46]    Thai Nguyen's Credits have been set to 10000. by Thai Nguyen
[2016/8/28 - 20:18:15]    Thai Nguyen's Credits have been set to 10000. by Thai Nguyen
[2016/9/19 - 12:28:52]    Thai Nguyen's Playing Hours have been set to 2. by Thai Nguyen
[2016/9/19 - 19:25:27]    Thai Nguyen's Level, da set thanh 2. by Thai Nguyen
