[2016/7/19 - 21:33:58] [TOYSLOAD] [User: M26(1)] [Toy Model ID: 988] [Toy ID]
[2016/7/19 - 21:33:58] [TOYSLOAD] [User: M26(1)] [Toy Model ID: 19631] [Toy ID]
[2016/7/19 - 21:38:21] [TOYSLOAD] [User: M26(1)] [Toy Model ID: 988] [Toy ID]
[2016/7/19 - 21:38:21] [TOYSLOAD] [User: M26(1)] [Toy Model ID: 19631] [Toy ID]
[2016/7/19 - 21:42:32] [TOYSLOAD] [User: Charles Smith(2)] [Toy Model ID: 18911] [Toy ID]
[2016/7/19 - 21:42:32] [TOYSLOAD] [User: Charles Smith(2)] [Toy Model ID: 18926] [Toy ID]
[2016/7/19 - 21:42:32] [TOYSLOAD] [User: Charles Smith(2)] [Toy Model ID: 19006] [Toy ID]
[2016/7/19 - 22:12:59] [TOYSLOAD] [User: M26(1)] [Toy Model ID: 988] [Toy ID]
[2016/7/19 - 22:12:59] [TOYSLOAD] [User: M26(1)] [Toy Model ID: 19631] [Toy ID]
[2016/7/19 - 22:20:13] [TOYSLOAD] [User: M26(1)] [Toy Model ID: 988] [Toy ID]
[2016/7/19 - 22:20:13] [TOYSLOAD] [User: M26(1)] [Toy Model ID: 19631] [Toy ID]
[2016/7/20 - 13:10:23] [TOYSLOAD] [User: M26(1)] [Toy Model ID: 988] [Toy ID]
[2016/7/20 - 13:10:23] [TOYSLOAD] [User: M26(1)] [Toy Model ID: 19631] [Toy ID]
[2016/7/22 - 12:15:17] [TOYSLOAD] [User: M26(1)] [Toy Model ID: 988] [Toy ID]
[2016/7/22 - 12:15:17] [TOYSLOAD] [User: M26(1)] [Toy Model ID: 19631] [Toy ID]
[2016/7/22 - 12:56:32] [TOYSLOAD] [User: M26(1)] [Toy Model ID: 988] [Toy ID]
[2016/7/22 - 12:56:32] [TOYSLOAD] [User: M26(1)] [Toy Model ID: 19631] [Toy ID]
[2016/7/22 - 12:58:36] [TOYSLOAD] [User: M26(1)] [Toy Model ID: 988] [Toy ID]
[2016/7/22 - 12:58:36] [TOYSLOAD] [User: M26(1)] [Toy Model ID: 19631] [Toy ID]
[2016/7/22 - 13:07:27] [TOYSLOAD] [User: M26(1)] [Toy Model ID: 988] [Toy ID]
[2016/7/22 - 13:07:27] [TOYSLOAD] [User: M26(1)] [Toy Model ID: 19631] [Toy ID]
[2016/7/22 - 13:16:45] [TOYSLOAD] [User: M26(1)] [Toy Model ID: 988] [Toy ID]
[2016/7/22 - 13:16:45] [TOYSLOAD] [User: M26(1)] [Toy Model ID: 19631] [Toy ID]
[2016/7/22 - 13:33:53] [TOYSLOAD] [User: M26(1)] [Toy Model ID: 988] [Toy ID]
[2016/7/22 - 13:33:53] [TOYSLOAD] [User: M26(1)] [Toy Model ID: 19631] [Toy ID]
[2016/7/22 - 13:44:35] [TOYSLOAD] [User: M26(1)] [Toy Model ID: 988] [Toy ID]
[2016/7/22 - 13:44:35] [TOYSLOAD] [User: M26(1)] [Toy Model ID: 19631] [Toy ID]
[2016/7/22 - 14:05:45] [TOYSLOAD] [User: M26(1)] [Toy Model ID: 988] [Toy ID]
[2016/7/22 - 14:05:45] [TOYSLOAD] [User: M26(1)] [Toy Model ID: 19631] [Toy ID]
[2016/7/22 - 14:17:47] [TOYSLOAD] [User: M26(1)] [Toy Model ID: 988] [Toy ID]
[2016/7/22 - 14:17:47] [TOYSLOAD] [User: M26(1)] [Toy Model ID: 19631] [Toy ID]
[2016/7/22 - 14:28:45] [TOYSLOAD] [User: M26(1)] [Toy Model ID: 988] [Toy ID]
[2016/7/22 - 14:28:45] [TOYSLOAD] [User: M26(1)] [Toy Model ID: 19631] [Toy ID]
[2016/7/22 - 14:56:02] [TOYSLOAD] [User: M26(1)] [Toy Model ID: 988] [Toy ID]
[2016/7/22 - 14:56:02] [TOYSLOAD] [User: M26(1)] [Toy Model ID: 19631] [Toy ID]
[2016/7/22 - 20:06:16] [TOYSLOAD] [User: M26(1)] [Toy Model ID: 988] [Toy ID]
[2016/7/22 - 20:06:16] [TOYSLOAD] [User: M26(1)] [Toy Model ID: 19631] [Toy ID]
[2016/7/27 - 15:52:32] [TOYSLOAD] [User: Charles Smith(6)] [Toy Model ID: 19528] [Toy ID]
[2016/7/27 - 15:52:32] [TOYSLOAD] [User: Charles Smith(6)] [Toy Model ID: 19559] [Toy ID]
[2016/7/27 - 15:52:32] [TOYSLOAD] [User: Charles Smith(6)] [Toy Model ID: 19590] [Toy ID]
[2016/7/27 - 15:52:32] [TOYSLOAD] [User: Charles Smith(6)] [Toy Model ID: 19591] [Toy ID]
[2016/7/27 - 15:52:32] [TOYSLOAD] [User: Charles Smith(6)] [Toy Model ID: 19578] [Toy ID]
[2016/7/27 - 15:52:32] [TOYSLOAD] [User: Charles Smith(6)] [Toy Model ID: 18911] [Toy ID]
[2016/7/27 - 15:54:12] [TOYSLOAD] [User: Charles Smith(6)] [Toy Model ID: 19528] [Toy ID]
[2016/7/27 - 15:54:12] [TOYSLOAD] [User: Charles Smith(6)] [Toy Model ID: 19559] [Toy ID]
[2016/7/27 - 15:54:12] [TOYSLOAD] [User: Charles Smith(6)] [Toy Model ID: 19590] [Toy ID]
[2016/7/27 - 15:54:12] [TOYSLOAD] [User: Charles Smith(6)] [Toy Model ID: 19591] [Toy ID]
[2016/7/27 - 15:54:12] [TOYSLOAD] [User: Charles Smith(6)] [Toy Model ID: 19578] [Toy ID]
[2016/7/27 - 15:54:12] [TOYSLOAD] [User: Charles Smith(6)] [Toy Model ID: 18911] [Toy ID]
[2016/7/27 - 15:55:49] [TOYSLOAD] [User: Charles Smith(6)] [Toy Model ID: 19528] [Toy ID]
[2016/7/27 - 15:55:49] [TOYSLOAD] [User: Charles Smith(6)] [Toy Model ID: 19559] [Toy ID]
[2016/7/27 - 15:55:49] [TOYSLOAD] [User: Charles Smith(6)] [Toy Model ID: 19590] [Toy ID]
[2016/7/27 - 15:55:49] [TOYSLOAD] [User: Charles Smith(6)] [Toy Model ID: 19591] [Toy ID]
[2016/7/27 - 15:55:49] [TOYSLOAD] [User: Charles Smith(6)] [Toy Model ID: 19578] [Toy ID]
[2016/7/27 - 15:55:49] [TOYSLOAD] [User: Charles Smith(6)] [Toy Model ID: 18911] [Toy ID]
[2016/7/27 - 15:58:39] [TOYSLOAD] [User: Charles Smith(6)] [Toy Model ID: 19528] [Toy ID]
[2016/7/27 - 15:58:39] [TOYSLOAD] [User: Charles Smith(6)] [Toy Model ID: 19559] [Toy ID]
[2016/7/27 - 15:58:39] [TOYSLOAD] [User: Charles Smith(6)] [Toy Model ID: 19590] [Toy ID]
[2016/7/27 - 15:58:39] [TOYSLOAD] [User: Charles Smith(6)] [Toy Model ID: 19591] [Toy ID]
[2016/7/27 - 15:58:39] [TOYSLOAD] [User: Charles Smith(6)] [Toy Model ID: 19578] [Toy ID]
[2016/7/27 - 15:58:39] [TOYSLOAD] [User: Charles Smith(6)] [Toy Model ID: 18911] [Toy ID]
[2016/7/27 - 15:59:36] [TOYSLOAD] [User: Charles Smith(6)] [Toy Model ID: 19528] [Toy ID]
[2016/7/27 - 15:59:36] [TOYSLOAD] [User: Charles Smith(6)] [Toy Model ID: 19559] [Toy ID]
[2016/7/27 - 15:59:36] [TOYSLOAD] [User: Charles Smith(6)] [Toy Model ID: 19590] [Toy ID]
[2016/7/27 - 15:59:36] [TOYSLOAD] [User: Charles Smith(6)] [Toy Model ID: 19591] [Toy ID]
[2016/7/27 - 15:59:36] [TOYSLOAD] [User: Charles Smith(6)] [Toy Model ID: 19578] [Toy ID]
[2016/7/27 - 15:59:36] [TOYSLOAD] [User: Charles Smith(6)] [Toy Model ID: 18911] [Toy ID]
[2016/7/27 - 20:41:03] [TOYSLOAD] [User: Mike Pin(2)] [Toy Model ID: 18911] [Toy ID]
[2016/7/27 - 20:41:03] [TOYSLOAD] [User: Mike Pin(2)] [Toy Model ID: 18926] [Toy ID]
[2016/7/27 - 20:41:03] [TOYSLOAD] [User: Mike Pin(2)] [Toy Model ID: 19006] [Toy ID]
[2016/7/27 - 20:43:45] [TOYSLOAD] [User: Thai Nguyen(1)] [Toy Model ID: 988] [Toy ID]
[2016/7/27 - 20:43:45] [TOYSLOAD] [User: Thai Nguyen(1)] [Toy Model ID: 19631] [Toy ID]
[2016/7/27 - 21:18:51] [TOYSLOAD] [User: Thai Nguyen(1)] [Toy Model ID: 988] [Toy ID]
[2016/7/27 - 21:18:51] [TOYSLOAD] [User: Thai Nguyen(1)] [Toy Model ID: 19631] [Toy ID]
[2016/7/27 - 21:35:55] [TOYSLOAD] [User: Thai Nguyen(1)] [Toy Model ID: 988] [Toy ID]
[2016/7/27 - 21:35:55] [TOYSLOAD] [User: Thai Nguyen(1)] [Toy Model ID: 19631] [Toy ID]
[2016/7/27 - 21:50:21] [TOYSLOAD] [User: Thai Nguyen(1)] [Toy Model ID: 988] [Toy ID]
[2016/7/27 - 21:50:21] [TOYSLOAD] [User: Thai Nguyen(1)] [Toy Model ID: 19631] [Toy ID]
[2016/7/27 - 21:59:55] [TOYSLOAD] [User: Thai Nguyen(1)] [Toy Model ID: 988] [Toy ID]
[2016/7/27 - 21:59:55] [TOYSLOAD] [User: Thai Nguyen(1)] [Toy Model ID: 19631] [Toy ID]
[2016/7/28 - 8:08:00] [TOYSLOAD] [User: Mike Pin(3)] [Toy Model ID: 19138] [Toy ID]
[2016/7/28 - 8:08:00] [TOYSLOAD] [User: Mike Pin(3)] [Toy Model ID: 19142] [Toy ID]
[2016/7/28 - 8:08:00] [TOYSLOAD] [User: Mike Pin(3)] [Toy Model ID: 18912] [Toy ID]
[2016/7/28 - 8:21:49] [TOYSLOAD] [User: Charles Smith(2)] [Toy Model ID: 18911] [Toy ID]
[2016/7/28 - 8:21:49] [TOYSLOAD] [User: Charles Smith(2)] [Toy Model ID: 18926] [Toy ID]
[2016/7/28 - 8:21:49] [TOYSLOAD] [User: Charles Smith(2)] [Toy Model ID: 19006] [Toy ID]
[2016/7/28 - 8:26:14] [TOYSLOAD] [User: Charles Smith(4)] [Toy Model ID: 19801] [Toy ID]
[2016/7/28 - 9:01:44] [TOYSLOAD] [User: Thai Nguyen(1)] [Toy Model ID: 988] [Toy ID]
[2016/7/28 - 9:01:44] [TOYSLOAD] [User: Thai Nguyen(1)] [Toy Model ID: 19631] [Toy ID]
[2016/7/28 - 9:04:01] [TOYSLOAD] [User: Thai Nguyen(1)] [Toy Model ID: 988] [Toy ID]
[2016/7/28 - 9:04:01] [TOYSLOAD] [User: Thai Nguyen(1)] [Toy Model ID: 19631] [Toy ID]
[2016/7/28 - 22:26:56] [TOYSLOAD] [User: Thai Nguyen(1)] [Toy Model ID: 988] [Toy ID]
[2016/7/28 - 22:26:56] [TOYSLOAD] [User: Thai Nguyen(1)] [Toy Model ID: 19631] [Toy ID]
[2016/7/28 - 22:34:32] [TOYSLOAD] [User: Charles Smith(2)] [Toy Model ID: 18911] [Toy ID]
[2016/7/28 - 22:34:32] [TOYSLOAD] [User: Charles Smith(2)] [Toy Model ID: 18926] [Toy ID]
[2016/7/28 - 22:34:32] [TOYSLOAD] [User: Charles Smith(2)] [Toy Model ID: 19006] [Toy ID]
[2016/7/28 - 22:39:20] [TOYSLOAD] [User: Charles Smith(2)] [Toy Model ID: 18911] [Toy ID]
[2016/7/28 - 22:39:20] [TOYSLOAD] [User: Charles Smith(2)] [Toy Model ID: 18926] [Toy ID]
[2016/7/28 - 22:39:20] [TOYSLOAD] [User: Charles Smith(2)] [Toy Model ID: 19006] [Toy ID]
[2016/7/29 - 7:49:16] [TOYSLOAD] [User: Thai Nguyen(1)] [Toy Model ID: 988] [Toy ID]
[2016/7/29 - 7:49:16] [TOYSLOAD] [User: Thai Nguyen(1)] [Toy Model ID: 19631] [Toy ID]
[2016/7/29 - 14:01:13] [TOYSLOAD] [User: Thai Nguyen(1)] [Toy Model ID: 988] [Toy ID]
[2016/7/29 - 14:01:13] [TOYSLOAD] [User: Thai Nguyen(1)] [Toy Model ID: 19631] [Toy ID]
[2016/7/29 - 14:28:12] [TOYSLOAD] [User: Thai Nguyen(1)] [Toy Model ID: 988] [Toy ID]
[2016/7/29 - 14:28:12] [TOYSLOAD] [User: Thai Nguyen(1)] [Toy Model ID: 19631] [Toy ID]
[2016/7/29 - 14:36:56] [TOYSLOAD] [User: Thai Nguyen(1)] [Toy Model ID: 988] [Toy ID]
[2016/7/29 - 14:36:56] [TOYSLOAD] [User: Thai Nguyen(1)] [Toy Model ID: 19631] [Toy ID]
[2016/7/29 - 14:50:26] [TOYSLOAD] [User: Thai Nguyen(1)] [Toy Model ID: 988] [Toy ID]
[2016/7/29 - 14:50:26] [TOYSLOAD] [User: Thai Nguyen(1)] [Toy Model ID: 19631] [Toy ID]
[2016/7/30 - 20:59:17] [TOYSLOAD] [User: Thai Nguyen(1)] [Toy Model ID: 988] [Toy ID]
[2016/7/30 - 20:59:17] [TOYSLOAD] [User: Thai Nguyen(1)] [Toy Model ID: 19631] [Toy ID]
[2016/7/30 - 21:13:16] [TOYSLOAD] [User: Thai Nguyen(1)] [Toy Model ID: 988] [Toy ID]
[2016/7/30 - 21:13:16] [TOYSLOAD] [User: Thai Nguyen(1)] [Toy Model ID: 19631] [Toy ID]
[2016/7/30 - 21:20:36] [TOYSLOAD] [User: Thai Nguyen(1)] [Toy Model ID: 988] [Toy ID]
[2016/7/30 - 21:20:36] [TOYSLOAD] [User: Thai Nguyen(1)] [Toy Model ID: 19631] [Toy ID]
[2016/7/30 - 21:29:24] [TOYSLOAD] [User: Thai Nguyen(1)] [Toy Model ID: 988] [Toy ID]
[2016/7/30 - 21:29:24] [TOYSLOAD] [User: Thai Nguyen(1)] [Toy Model ID: 19631] [Toy ID]
[2016/7/30 - 21:34:25] [TOYSLOAD] [User: Thai Nguyen(1)] [Toy Model ID: 988] [Toy ID]
[2016/7/30 - 21:34:25] [TOYSLOAD] [User: Thai Nguyen(1)] [Toy Model ID: 19631] [Toy ID]
[2016/7/30 - 21:42:30] [TOYSLOAD] [User: Thai Nguyen(1)] [Toy Model ID: 988] [Toy ID]
[2016/7/30 - 21:42:30] [TOYSLOAD] [User: Thai Nguyen(1)] [Toy Model ID: 19631] [Toy ID]
[2016/7/31 - 21:22:06] [TOYSLOAD] [User: Thai Nguyen(1)] [Toy Model ID: 988] [Toy ID]
[2016/7/31 - 21:22:06] [TOYSLOAD] [User: Thai Nguyen(1)] [Toy Model ID: 19631] [Toy ID]
[2016/7/31 - 21:44:44] [TOYSLOAD] [User: Thai Nguyen(1)] [Toy Model ID: 988] [Toy ID]
[2016/7/31 - 21:44:44] [TOYSLOAD] [User: Thai Nguyen(1)] [Toy Model ID: 19631] [Toy ID]
[2016/7/31 - 21:58:37] [TOYSLOAD] [User: Thai Nguyen(1)] [Toy Model ID: 988] [Toy ID]
[2016/7/31 - 21:58:37] [TOYSLOAD] [User: Thai Nguyen(1)] [Toy Model ID: 19631] [Toy ID]
[2016/8/1 - 11:06:57] [TOYSLOAD] [User: Thai Nguyen(1)] [Toy Model ID: 988] [Toy ID]
[2016/8/1 - 11:06:57] [TOYSLOAD] [User: Thai Nguyen(1)] [Toy Model ID: 19631] [Toy ID]
[2016/8/1 - 11:23:39] [TOYSLOAD] [User: Thai Nguyen(1)] [Toy Model ID: 988] [Toy ID]
[2016/8/1 - 11:23:39] [TOYSLOAD] [User: Thai Nguyen(1)] [Toy Model ID: 19631] [Toy ID]
[2016/8/1 - 11:34:47] [TOYSLOAD] [User: Thai Nguyen(1)] [Toy Model ID: 988] [Toy ID]
[2016/8/1 - 11:34:47] [TOYSLOAD] [User: Thai Nguyen(1)] [Toy Model ID: 19631] [Toy ID]
[2016/8/1 - 11:48:46] [TOYSLOAD] [User: Thai Nguyen(1)] [Toy Model ID: 988] [Toy ID]
[2016/8/1 - 11:48:46] [TOYSLOAD] [User: Thai Nguyen(1)] [Toy Model ID: 19631] [Toy ID]
[2016/8/1 - 11:59:11] [TOYSLOAD] [User: Thai Nguyen(1)] [Toy Model ID: 988] [Toy ID]
[2016/8/1 - 11:59:11] [TOYSLOAD] [User: Thai Nguyen(1)] [Toy Model ID: 19631] [Toy ID]
[2016/8/1 - 12:00:56] [TOYSLOAD] [User: Thai Nguyen(1)] [Toy Model ID: 988] [Toy ID]
[2016/8/1 - 12:00:56] [TOYSLOAD] [User: Thai Nguyen(1)] [Toy Model ID: 19631] [Toy ID]
[2016/8/1 - 20:08:29] [TOYSLOAD] [User: Thai Nguyen(1)] [Toy Model ID: 988] [Toy ID]
[2016/8/1 - 20:08:29] [TOYSLOAD] [User: Thai Nguyen(1)] [Toy Model ID: 19631] [Toy ID]
[2016/8/1 - 20:10:41] [TOYSLOAD] [User: Thai Nguyen(1)] [Toy Model ID: 988] [Toy ID]
[2016/8/1 - 20:10:41] [TOYSLOAD] [User: Thai Nguyen(1)] [Toy Model ID: 19631] [Toy ID]
[2016/8/14 - 10:10:24] [TOYSLOAD] [User: Thai Nguyen(1)] [Toy Model ID: 988] [Toy ID]
[2016/8/14 - 10:10:24] [TOYSLOAD] [User: Thai Nguyen(1)] [Toy Model ID: 19631] [Toy ID]
[2016/8/14 - 10:27:00] [TOYSLOAD] [User: Thai Nguyen(1)] [Toy Model ID: 988] [Toy ID]
[2016/8/14 - 10:27:00] [TOYSLOAD] [User: Thai Nguyen(1)] [Toy Model ID: 19631] [Toy ID]
[2016/8/14 - 10:43:42] [TOYSLOAD] [User: Thai Nguyen(1)] [Toy Model ID: 988] [Toy ID]
[2016/8/14 - 10:43:42] [TOYSLOAD] [User: Thai Nguyen(1)] [Toy Model ID: 19631] [Toy ID]
[2016/8/14 - 10:58:15] [TOYSLOAD] [User: Thai Nguyen(1)] [Toy Model ID: 988] [Toy ID]
[2016/8/14 - 10:58:15] [TOYSLOAD] [User: Thai Nguyen(1)] [Toy Model ID: 19631] [Toy ID]
[2016/8/14 - 10:59:43] [TOYSLOAD] [User: Thai Nguyen(1)] [Toy Model ID: 988] [Toy ID]
[2016/8/14 - 10:59:43] [TOYSLOAD] [User: Thai Nguyen(1)] [Toy Model ID: 19631] [Toy ID]
[2016/8/14 - 11:13:19] [TOYSLOAD] [User: Thai Nguyen(1)] [Toy Model ID: 988] [Toy ID]
[2016/8/14 - 11:13:19] [TOYSLOAD] [User: Thai Nguyen(1)] [Toy Model ID: 19631] [Toy ID]
[2016/8/14 - 11:23:29] [TOYSLOAD] [User: Thai Nguyen(1)] [Toy Model ID: 988] [Toy ID]
[2016/8/14 - 11:23:29] [TOYSLOAD] [User: Thai Nguyen(1)] [Toy Model ID: 19631] [Toy ID]
[2016/8/14 - 11:36:08] [TOYSLOAD] [User: Thai Nguyen(1)] [Toy Model ID: 988] [Toy ID]
[2016/8/14 - 11:36:08] [TOYSLOAD] [User: Thai Nguyen(1)] [Toy Model ID: 19631] [Toy ID]
[2016/8/14 - 11:48:23] [TOYSLOAD] [User: Thai nguyen(1)] [Toy Model ID: 988] [Toy ID]
[2016/8/14 - 11:48:23] [TOYSLOAD] [User: Thai nguyen(1)] [Toy Model ID: 19631] [Toy ID]
[2016/8/14 - 11:58:02] [TOYSLOAD] [User: thai Nguyen(1)] [Toy Model ID: 988] [Toy ID]
[2016/8/14 - 11:58:02] [TOYSLOAD] [User: thai Nguyen(1)] [Toy Model ID: 19631] [Toy ID]
[2016/8/14 - 12:04:18] [TOYSLOAD] [User: Thai Nguyen(1)] [Toy Model ID: 988] [Toy ID]
[2016/8/14 - 12:04:18] [TOYSLOAD] [User: Thai Nguyen(1)] [Toy Model ID: 19631] [Toy ID]
[2016/8/14 - 12:09:13] [TOYSLOAD] [User: Thai Nguyen(1)] [Toy Model ID: 988] [Toy ID]
[2016/8/14 - 12:09:13] [TOYSLOAD] [User: Thai Nguyen(1)] [Toy Model ID: 19631] [Toy ID]
[2016/8/14 - 12:17:34] [TOYSLOAD] [User: Thai Nguyen(1)] [Toy Model ID: 988] [Toy ID]
[2016/8/14 - 12:17:34] [TOYSLOAD] [User: Thai Nguyen(1)] [Toy Model ID: 19631] [Toy ID]
[2016/8/14 - 12:32:31] [TOYSLOAD] [User: Thai Nguyen(1)] [Toy Model ID: 988] [Toy ID]
[2016/8/14 - 12:32:31] [TOYSLOAD] [User: Thai Nguyen(1)] [Toy Model ID: 19631] [Toy ID]
[2016/8/14 - 12:34:10] [TOYSLOAD] [User: Tha Em(2)] [Toy Model ID: 18911] [Toy ID]
[2016/8/14 - 12:34:10] [TOYSLOAD] [User: Tha Em(2)] [Toy Model ID: 18926] [Toy ID]
[2016/8/14 - 12:34:11] [TOYSLOAD] [User: Tha Em(2)] [Toy Model ID: 19006] [Toy ID]
[2016/8/14 - 12:35:07] [TOYSLOAD] [User: Thai Nguyen(1)] [Toy Model ID: 988] [Toy ID]
[2016/8/14 - 12:35:07] [TOYSLOAD] [User: Thai Nguyen(1)] [Toy Model ID: 19631] [Toy ID]
[2016/8/14 - 12:36:24] [TOYSLOAD] [User: Tha EM(2)] [Toy Model ID: 18911] [Toy ID]
[2016/8/14 - 12:36:24] [TOYSLOAD] [User: Tha EM(2)] [Toy Model ID: 18926] [Toy ID]
[2016/8/14 - 12:36:24] [TOYSLOAD] [User: Tha EM(2)] [Toy Model ID: 19006] [Toy ID]
[2016/8/14 - 12:45:33] [TOYSLOAD] [User: Tha em(2)] [Toy Model ID: 18911] [Toy ID]
[2016/8/14 - 12:45:33] [TOYSLOAD] [User: Tha em(2)] [Toy Model ID: 18926] [Toy ID]
[2016/8/14 - 12:45:33] [TOYSLOAD] [User: Tha em(2)] [Toy Model ID: 19006] [Toy ID]
[2016/8/14 - 17:46:09] [TOYSLOAD] [User: Thai nguyen(1)] [Toy Model ID: 988] [Toy ID]
[2016/8/14 - 17:46:10] [TOYSLOAD] [User: Thai nguyen(1)] [Toy Model ID: 19631] [Toy ID]
[2016/8/14 - 17:57:45] [TOYSLOAD] [User: Thai Nguyen(1)] [Toy Model ID: 988] [Toy ID]
[2016/8/14 - 17:57:45] [TOYSLOAD] [User: Thai Nguyen(1)] [Toy Model ID: 19631] [Toy ID]
[2016/8/14 - 18:00:22] [TOYSLOAD] [User: thai nguyen(1)] [Toy Model ID: 988] [Toy ID]
[2016/8/14 - 18:00:22] [TOYSLOAD] [User: thai nguyen(1)] [Toy Model ID: 19631] [Toy ID]
[2016/8/14 - 18:01:33] [TOYSLOAD] [User: Thai nguyen(1)] [Toy Model ID: 988] [Toy ID]
[2016/8/14 - 18:01:33] [TOYSLOAD] [User: Thai nguyen(1)] [Toy Model ID: 19631] [Toy ID]
[2016/8/14 - 18:14:03] [TOYSLOAD] [User: Thai Nguyen(1)] [Toy Model ID: 988] [Toy ID]
[2016/8/14 - 18:14:03] [TOYSLOAD] [User: Thai Nguyen(1)] [Toy Model ID: 19631] [Toy ID]
[2016/8/14 - 18:16:12] [TOYSLOAD] [User: Thai Nguyen(1)] [Toy Model ID: 988] [Toy ID]
[2016/8/14 - 18:16:12] [TOYSLOAD] [User: Thai Nguyen(1)] [Toy Model ID: 19631] [Toy ID]
[2016/8/14 - 18:18:06] [TOYSLOAD] [User: Thai Nguyen(1)] [Toy Model ID: 988] [Toy ID]
[2016/8/14 - 18:18:06] [TOYSLOAD] [User: Thai Nguyen(1)] [Toy Model ID: 19631] [Toy ID]
[2016/8/14 - 18:19:23] [TOYSLOAD] [User: Test System(2)] [Toy Model ID: 18911] [Toy ID]
[2016/8/14 - 18:19:23] [TOYSLOAD] [User: Test System(2)] [Toy Model ID: 18926] [Toy ID]
[2016/8/14 - 18:19:23] [TOYSLOAD] [User: Test System(2)] [Toy Model ID: 19006] [Toy ID]
[2016/8/14 - 18:24:25] [TOYSLOAD] [User: Thai Nguyen(1)] [Toy Model ID: 988] [Toy ID]
[2016/8/14 - 18:24:25] [TOYSLOAD] [User: Thai Nguyen(1)] [Toy Model ID: 19631] [Toy ID]
[2016/8/14 - 18:50:41] [TOYSLOAD] [User: Thai Nguyen(1)] [Toy Model ID: 988] [Toy ID]
[2016/8/14 - 18:50:41] [TOYSLOAD] [User: Thai Nguyen(1)] [Toy Model ID: 19631] [Toy ID]
[2016/8/14 - 18:52:50] [TOYSLOAD] [User: Test System(2)] [Toy Model ID: 18911] [Toy ID]
[2016/8/14 - 18:52:50] [TOYSLOAD] [User: Test System(2)] [Toy Model ID: 18926] [Toy ID]
[2016/8/14 - 18:52:50] [TOYSLOAD] [User: Test System(2)] [Toy Model ID: 19006] [Toy ID]
[2016/8/14 - 18:57:36] [TOYSLOAD] [User: Thai Nguyen(1)] [Toy Model ID: 988] [Toy ID]
[2016/8/14 - 18:57:36] [TOYSLOAD] [User: Thai Nguyen(1)] [Toy Model ID: 19631] [Toy ID]
[2016/8/15 - 13:18:32] [TOYSLOAD] [User: Thai Nguyen(1)] [Toy Model ID: 988] [Toy ID]
[2016/8/15 - 13:18:32] [TOYSLOAD] [User: Thai Nguyen(1)] [Toy Model ID: 19631] [Toy ID]
[2016/8/23 - 12:32:11] [TOYSLOAD] [User: Thai Nguyen(1)] [Toy Model ID: 988] [Toy ID]
[2016/8/23 - 12:32:11] [TOYSLOAD] [User: Thai Nguyen(1)] [Toy Model ID: 19631] [Toy ID]
[2016/8/23 - 12:34:32] [TOYSLOAD] [User: Thai Nguyen(1)] [Toy Model ID: 988] [Toy ID]
[2016/8/23 - 12:34:32] [TOYSLOAD] [User: Thai Nguyen(1)] [Toy Model ID: 19631] [Toy ID]
[2016/8/23 - 12:43:58] [TOYSLOAD] [User: Thai Nguyen(1)] [Toy Model ID: 988] [Toy ID]
[2016/8/23 - 12:43:58] [TOYSLOAD] [User: Thai Nguyen(1)] [Toy Model ID: 19631] [Toy ID]
[2016/8/23 - 12:46:19] [TOYSLOAD] [User: Thai Nguyen(1)] [Toy Model ID: 988] [Toy ID]
[2016/8/23 - 12:46:19] [TOYSLOAD] [User: Thai Nguyen(1)] [Toy Model ID: 19631] [Toy ID]
[2016/8/23 - 12:48:31] [TOYSLOAD] [User: Thai Nguyen(1)] [Toy Model ID: 988] [Toy ID]
[2016/8/23 - 12:48:31] [TOYSLOAD] [User: Thai Nguyen(1)] [Toy Model ID: 19631] [Toy ID]
[2016/8/23 - 14:05:57] [TOYSLOAD] [User: Thai Nguyen(1)] [Toy Model ID: 988] [Toy ID]
[2016/8/23 - 14:05:57] [TOYSLOAD] [User: Thai Nguyen(1)] [Toy Model ID: 19631] [Toy ID]
[2016/8/23 - 14:15:48] [TOYSLOAD] [User: Thai Nguyen(1)] [Toy Model ID: 988] [Toy ID]
[2016/8/23 - 14:15:48] [TOYSLOAD] [User: Thai Nguyen(1)] [Toy Model ID: 19631] [Toy ID]
[2016/8/23 - 14:20:36] [TOYSLOAD] [User: Thai Nguyen(1)] [Toy Model ID: 988] [Toy ID]
[2016/8/23 - 14:20:36] [TOYSLOAD] [User: Thai Nguyen(1)] [Toy Model ID: 19631] [Toy ID]
[2016/8/27 - 20:00:02] [TOYSLOAD] [User: Test Test(2)] [Toy Model ID: 18911] [Toy ID]
[2016/8/27 - 20:00:02] [TOYSLOAD] [User: Test Test(2)] [Toy Model ID: 18926] [Toy ID]
[2016/8/27 - 20:00:02] [TOYSLOAD] [User: Test Test(2)] [Toy Model ID: 19006] [Toy ID]
[2016/8/27 - 20:01:03] [TOYSLOAD] [User: Test Test(2)] [Toy Model ID: 18911] [Toy ID]
[2016/8/27 - 20:01:03] [TOYSLOAD] [User: Test Test(2)] [Toy Model ID: 18926] [Toy ID]
[2016/8/27 - 20:01:03] [TOYSLOAD] [User: Test Test(2)] [Toy Model ID: 19006] [Toy ID]
[2016/8/27 - 20:03:32] [TOYSLOAD] [User: Thai Nguyen(1)] [Toy Model ID: 988] [Toy ID]
[2016/8/27 - 20:03:32] [TOYSLOAD] [User: Thai Nguyen(1)] [Toy Model ID: 19631] [Toy ID]
[2016/8/27 - 20:05:54] [TOYSLOAD] [User: Thai Nguyen(1)] [Toy Model ID: 988] [Toy ID]
[2016/8/27 - 20:05:54] [TOYSLOAD] [User: Thai Nguyen(1)] [Toy Model ID: 19631] [Toy ID]
[2016/8/27 - 20:52:40] [TOYSLOAD] [User: Thai Nguyen(1)] [Toy Model ID: 988] [Toy ID]
[2016/8/27 - 20:52:40] [TOYSLOAD] [User: Thai Nguyen(1)] [Toy Model ID: 19631] [Toy ID]
[2016/8/27 - 20:54:27] [TOYSLOAD] [User: Thai Nguyen(1)] [Toy Model ID: 988] [Toy ID]
[2016/8/27 - 20:54:27] [TOYSLOAD] [User: Thai Nguyen(1)] [Toy Model ID: 19631] [Toy ID]
[2016/8/27 - 20:56:38] [TOYSLOAD] [User: thai nguyen(1)] [Toy Model ID: 988] [Toy ID]
[2016/8/27 - 20:56:38] [TOYSLOAD] [User: thai nguyen(1)] [Toy Model ID: 19631] [Toy ID]
[2016/8/27 - 20:58:10] [TOYSLOAD] [User: Thai nguyen(1)] [Toy Model ID: 988] [Toy ID]
[2016/8/27 - 20:58:10] [TOYSLOAD] [User: Thai nguyen(1)] [Toy Model ID: 19631] [Toy ID]
[2016/9/19 - 13:40:31] [TOYSLOAD] [User: Thai Nguyen(1)] [Toy Model ID: 19528] [Toy ID]
[2016/9/19 - 14:15:51] [TOYSLOAD] [User: Thai Nguyen(1)] [Toy Model ID: 19528] [Toy ID]
[2016/9/19 - 14:23:05] [TOYSLOAD] [User: Thai Nguyen(1)] [Toy Model ID: 19528] [Toy ID]
[2016/9/19 - 14:31:43] [TOYSLOAD] [User: Thai Nguyen(1)] [Toy Model ID: 19528] [Toy ID]
[2016/9/19 - 15:07:25] [TOYSLOAD] [User: Thai Nguyen(1)] [Toy Model ID: 19528] [Toy ID]
[2016/9/19 - 19:25:00] [TOYSLOAD] [User: Thai Nguyen(1)] [Toy Model ID: 19528] [Toy ID]
[2016/10/16 - 11:01:46] [TOYSLOAD] [User: Thai Nguyen(1)] [Toy Model ID: 19528] [Toy ID]
