[2016/7/19 - 21:33:58] [VEHICLELOAD] [User: M26(1)] [Model: 411] [Vehicle ID: 1]
[2016/7/19 - 21:33:58] [VEHICLELOAD] [User: M26(1)] [Model: 409] [Vehicle ID: 409]
[2016/7/19 - 21:33:58] [VEHICLELOAD] [User: M26(1)] [Model: 553] [Vehicle ID: 410]
[2016/7/19 - 21:33:58] [VEHICLELOAD] [User: M26(1)] [Model: 454] [Vehicle ID: 411]
[2016/7/19 - 21:34:13] [VEHICLESAVE] [User: M26(1)] [Model: 411] [Vehicle ID: 1]
[2016/7/19 - 21:42:32] [VEHICLELOAD] [User: Charles Smith(2)] [Model: 481] [Vehicle ID: 183]
[2016/7/19 - 22:20:13] [VEHICLELOAD] [User: M26(1)] [Model: 411] [Vehicle ID: 1]
[2016/7/19 - 22:20:13] [VEHICLELOAD] [User: M26(1)] [Model: 409] [Vehicle ID: 409]
[2016/7/19 - 22:20:13] [VEHICLELOAD] [User: M26(1)] [Model: 553] [Vehicle ID: 410]
[2016/7/19 - 22:20:13] [VEHICLELOAD] [User: M26(1)] [Model: 454] [Vehicle ID: 411]
[2016/7/20 - 13:10:23] [VEHICLELOAD] [User: M26(1)] [Model: 411] [Vehicle ID: 1]
[2016/7/20 - 13:10:23] [VEHICLELOAD] [User: M26(1)] [Model: 409] [Vehicle ID: 409]
[2016/7/20 - 13:10:23] [VEHICLELOAD] [User: M26(1)] [Model: 553] [Vehicle ID: 410]
[2016/7/20 - 13:10:23] [VEHICLELOAD] [User: M26(1)] [Model: 454] [Vehicle ID: 411]
[2016/7/22 - 12:15:17] [VEHICLELOAD] [User: M26(1)] [Model: 411] [Vehicle ID: 1]
[2016/7/22 - 12:15:17] [VEHICLELOAD] [User: M26(1)] [Model: 409] [Vehicle ID: 409]
[2016/7/22 - 12:15:17] [VEHICLELOAD] [User: M26(1)] [Model: 553] [Vehicle ID: 410]
[2016/7/22 - 12:15:17] [VEHICLELOAD] [User: M26(1)] [Model: 454] [Vehicle ID: 411]
[2016/7/22 - 12:56:32] [VEHICLELOAD] [User: M26(1)] [Model: 411] [Vehicle ID: 1]
[2016/7/22 - 12:56:32] [VEHICLELOAD] [User: M26(1)] [Model: 409] [Vehicle ID: 409]
[2016/7/22 - 12:56:32] [VEHICLELOAD] [User: M26(1)] [Model: 553] [Vehicle ID: 410]
[2016/7/22 - 12:56:32] [VEHICLELOAD] [User: M26(1)] [Model: 454] [Vehicle ID: 411]
[2016/7/22 - 12:58:36] [VEHICLELOAD] [User: M26(1)] [Model: 411] [Vehicle ID: 1]
[2016/7/22 - 12:58:36] [VEHICLELOAD] [User: M26(1)] [Model: 409] [Vehicle ID: 409]
[2016/7/22 - 12:58:36] [VEHICLELOAD] [User: M26(1)] [Model: 553] [Vehicle ID: 410]
[2016/7/22 - 12:58:36] [VEHICLELOAD] [User: M26(1)] [Model: 454] [Vehicle ID: 411]
[2016/7/22 - 13:07:27] [VEHICLELOAD] [User: M26(1)] [Model: 411] [Vehicle ID: 1]
[2016/7/22 - 13:07:27] [VEHICLELOAD] [User: M26(1)] [Model: 409] [Vehicle ID: 409]
[2016/7/22 - 13:07:27] [VEHICLELOAD] [User: M26(1)] [Model: 553] [Vehicle ID: 410]
[2016/7/22 - 13:07:27] [VEHICLELOAD] [User: M26(1)] [Model: 454] [Vehicle ID: 411]
[2016/7/22 - 13:16:45] [VEHICLELOAD] [User: M26(1)] [Model: 411] [Vehicle ID: 1]
[2016/7/22 - 13:16:45] [VEHICLELOAD] [User: M26(1)] [Model: 409] [Vehicle ID: 409]
[2016/7/22 - 13:16:45] [VEHICLELOAD] [User: M26(1)] [Model: 553] [Vehicle ID: 410]
[2016/7/22 - 13:16:45] [VEHICLELOAD] [User: M26(1)] [Model: 454] [Vehicle ID: 411]
[2016/7/22 - 13:33:53] [VEHICLELOAD] [User: M26(1)] [Model: 411] [Vehicle ID: 1]
[2016/7/22 - 13:33:53] [VEHICLELOAD] [User: M26(1)] [Model: 409] [Vehicle ID: 409]
[2016/7/22 - 13:33:53] [VEHICLELOAD] [User: M26(1)] [Model: 553] [Vehicle ID: 410]
[2016/7/22 - 13:33:53] [VEHICLELOAD] [User: M26(1)] [Model: 454] [Vehicle ID: 411]
[2016/7/22 - 13:44:35] [VEHICLELOAD] [User: M26(1)] [Model: 411] [Vehicle ID: 1]
[2016/7/22 - 13:44:35] [VEHICLELOAD] [User: M26(1)] [Model: 409] [Vehicle ID: 409]
[2016/7/22 - 13:44:35] [VEHICLELOAD] [User: M26(1)] [Model: 553] [Vehicle ID: 410]
[2016/7/22 - 13:44:35] [VEHICLELOAD] [User: M26(1)] [Model: 454] [Vehicle ID: 411]
[2016/7/22 - 14:05:45] [VEHICLELOAD] [User: M26(1)] [Model: 411] [Vehicle ID: 1]
[2016/7/22 - 14:05:45] [VEHICLELOAD] [User: M26(1)] [Model: 409] [Vehicle ID: 409]
[2016/7/22 - 14:05:45] [VEHICLELOAD] [User: M26(1)] [Model: 553] [Vehicle ID: 410]
[2016/7/22 - 14:05:45] [VEHICLELOAD] [User: M26(1)] [Model: 454] [Vehicle ID: 411]
[2016/7/22 - 14:17:47] [VEHICLELOAD] [User: M26(1)] [Model: 411] [Vehicle ID: 1]
[2016/7/22 - 14:17:47] [VEHICLELOAD] [User: M26(1)] [Model: 409] [Vehicle ID: 409]
[2016/7/22 - 14:17:47] [VEHICLELOAD] [User: M26(1)] [Model: 553] [Vehicle ID: 410]
[2016/7/22 - 14:17:47] [VEHICLELOAD] [User: M26(1)] [Model: 454] [Vehicle ID: 411]
[2016/7/22 - 14:28:45] [VEHICLELOAD] [User: M26(1)] [Model: 411] [Vehicle ID: 1]
[2016/7/22 - 14:28:45] [VEHICLELOAD] [User: M26(1)] [Model: 409] [Vehicle ID: 409]
[2016/7/22 - 14:28:45] [VEHICLELOAD] [User: M26(1)] [Model: 553] [Vehicle ID: 410]
[2016/7/22 - 14:28:45] [VEHICLELOAD] [User: M26(1)] [Model: 454] [Vehicle ID: 411]
[2016/7/22 - 14:56:02] [VEHICLELOAD] [User: M26(1)] [Model: 411] [Vehicle ID: 1]
[2016/7/22 - 14:56:02] [VEHICLELOAD] [User: M26(1)] [Model: 409] [Vehicle ID: 409]
[2016/7/22 - 14:56:02] [VEHICLELOAD] [User: M26(1)] [Model: 553] [Vehicle ID: 410]
[2016/7/22 - 14:56:02] [VEHICLELOAD] [User: M26(1)] [Model: 454] [Vehicle ID: 411]
[2016/7/22 - 20:06:16] [VEHICLELOAD] [User: M26(1)] [Model: 411] [Vehicle ID: 1]
[2016/7/22 - 20:06:16] [VEHICLELOAD] [User: M26(1)] [Model: 409] [Vehicle ID: 409]
[2016/7/22 - 20:06:16] [VEHICLELOAD] [User: M26(1)] [Model: 553] [Vehicle ID: 410]
[2016/7/22 - 20:06:16] [VEHICLELOAD] [User: M26(1)] [Model: 454] [Vehicle ID: 411]
[2016/7/27 - 15:52:32] [VEHICLELOAD] [User: Charles Smith(6)] [Model: 463] [Vehicle ID: 554]
[2016/7/27 - 15:52:32] [VEHICLELOAD] [User: Charles Smith(6)] [Model: 578] [Vehicle ID: 555]
[2016/7/27 - 15:52:32] [VEHICLELOAD] [User: Charles Smith(6)] [Model: 417] [Vehicle ID: 556]
[2016/7/27 - 15:52:32] [VEHICLELOAD] [User: Charles Smith(6)] [Model: 406] [Vehicle ID: 557]
[2016/7/27 - 15:54:12] [VEHICLELOAD] [User: Charles Smith(6)] [Model: 463] [Vehicle ID: 554]
[2016/7/27 - 15:54:12] [VEHICLELOAD] [User: Charles Smith(6)] [Model: 578] [Vehicle ID: 555]
[2016/7/27 - 15:54:12] [VEHICLELOAD] [User: Charles Smith(6)] [Model: 417] [Vehicle ID: 556]
[2016/7/27 - 15:54:12] [VEHICLELOAD] [User: Charles Smith(6)] [Model: 406] [Vehicle ID: 557]
[2016/7/27 - 15:55:49] [VEHICLELOAD] [User: Charles Smith(6)] [Model: 463] [Vehicle ID: 554]
[2016/7/27 - 15:55:49] [VEHICLELOAD] [User: Charles Smith(6)] [Model: 578] [Vehicle ID: 555]
[2016/7/27 - 15:55:49] [VEHICLELOAD] [User: Charles Smith(6)] [Model: 417] [Vehicle ID: 556]
[2016/7/27 - 15:55:49] [VEHICLELOAD] [User: Charles Smith(6)] [Model: 406] [Vehicle ID: 557]
[2016/7/27 - 15:58:39] [VEHICLELOAD] [User: Charles Smith(6)] [Model: 463] [Vehicle ID: 554]
[2016/7/27 - 15:58:39] [VEHICLELOAD] [User: Charles Smith(6)] [Model: 578] [Vehicle ID: 555]
[2016/7/27 - 15:58:39] [VEHICLELOAD] [User: Charles Smith(6)] [Model: 417] [Vehicle ID: 556]
[2016/7/27 - 15:58:39] [VEHICLELOAD] [User: Charles Smith(6)] [Model: 406] [Vehicle ID: 557]
[2016/7/27 - 15:59:36] [VEHICLELOAD] [User: Charles Smith(6)] [Model: 463] [Vehicle ID: 554]
[2016/7/27 - 15:59:36] [VEHICLELOAD] [User: Charles Smith(6)] [Model: 578] [Vehicle ID: 555]
[2016/7/27 - 15:59:36] [VEHICLELOAD] [User: Charles Smith(6)] [Model: 417] [Vehicle ID: 556]
[2016/7/27 - 15:59:36] [VEHICLELOAD] [User: Charles Smith(6)] [Model: 406] [Vehicle ID: 557]
[2016/7/27 - 20:41:03] [VEHICLELOAD] [User: Mike Pin(2)] [Model: 481] [Vehicle ID: 183]
[2016/7/27 - 20:43:45] [VEHICLELOAD] [User: Thai Nguyen(1)] [Model: 411] [Vehicle ID: 1]
[2016/7/27 - 20:43:45] [VEHICLELOAD] [User: Thai Nguyen(1)] [Model: 409] [Vehicle ID: 409]
[2016/7/27 - 20:43:45] [VEHICLELOAD] [User: Thai Nguyen(1)] [Model: 553] [Vehicle ID: 410]
[2016/7/27 - 20:43:45] [VEHICLELOAD] [User: Thai Nguyen(1)] [Model: 454] [Vehicle ID: 411]
[2016/7/27 - 21:18:51] [VEHICLELOAD] [User: Thai Nguyen(1)] [Model: 411] [Vehicle ID: 1]
[2016/7/27 - 21:18:51] [VEHICLELOAD] [User: Thai Nguyen(1)] [Model: 409] [Vehicle ID: 409]
[2016/7/27 - 21:18:51] [VEHICLELOAD] [User: Thai Nguyen(1)] [Model: 553] [Vehicle ID: 410]
[2016/7/27 - 21:18:51] [VEHICLELOAD] [User: Thai Nguyen(1)] [Model: 454] [Vehicle ID: 411]
[2016/7/27 - 21:35:55] [VEHICLELOAD] [User: Thai Nguyen(1)] [Model: 411] [Vehicle ID: 1]
[2016/7/27 - 21:35:55] [VEHICLELOAD] [User: Thai Nguyen(1)] [Model: 409] [Vehicle ID: 409]
[2016/7/27 - 21:35:55] [VEHICLELOAD] [User: Thai Nguyen(1)] [Model: 553] [Vehicle ID: 410]
[2016/7/27 - 21:35:55] [VEHICLELOAD] [User: Thai Nguyen(1)] [Model: 454] [Vehicle ID: 411]
[2016/7/27 - 21:50:21] [VEHICLELOAD] [User: Thai Nguyen(1)] [Model: 411] [Vehicle ID: 1]
[2016/7/27 - 21:50:21] [VEHICLELOAD] [User: Thai Nguyen(1)] [Model: 409] [Vehicle ID: 409]
[2016/7/27 - 21:50:21] [VEHICLELOAD] [User: Thai Nguyen(1)] [Model: 553] [Vehicle ID: 410]
[2016/7/27 - 21:50:21] [VEHICLELOAD] [User: Thai Nguyen(1)] [Model: 454] [Vehicle ID: 411]
[2016/7/27 - 21:59:55] [VEHICLELOAD] [User: Thai Nguyen(1)] [Model: 411] [Vehicle ID: 1]
[2016/7/27 - 21:59:55] [VEHICLELOAD] [User: Thai Nguyen(1)] [Model: 409] [Vehicle ID: 409]
[2016/7/27 - 21:59:55] [VEHICLELOAD] [User: Thai Nguyen(1)] [Model: 553] [Vehicle ID: 410]
[2016/7/27 - 21:59:55] [VEHICLELOAD] [User: Thai Nguyen(1)] [Model: 454] [Vehicle ID: 411]
[2016/7/28 - 8:08:00] [VEHICLELOAD] [User: Mike Pin(3)] [Model: 510] [Vehicle ID: 49]
[2016/7/28 - 8:08:00] [VEHICLELOAD] [User: Mike Pin(3)] [Model: 475] [Vehicle ID: 680]
[2016/7/28 - 8:21:48] [VEHICLELOAD] [User: Charles Smith(2)] [Model: 481] [Vehicle ID: 183]
[2016/7/28 - 8:26:14] [VEHICLELOAD] [User: Charles Smith(4)] [Model: 481] [Vehicle ID: 379]
[2016/7/28 - 8:26:14] [VEHICLELOAD] [User: Charles Smith(4)] [Model: 411] [Vehicle ID: 989]
[2016/7/28 - 9:01:44] [VEHICLELOAD] [User: Thai Nguyen(1)] [Model: 411] [Vehicle ID: 1]
[2016/7/28 - 9:01:44] [VEHICLELOAD] [User: Thai Nguyen(1)] [Model: 409] [Vehicle ID: 409]
[2016/7/28 - 9:01:44] [VEHICLELOAD] [User: Thai Nguyen(1)] [Model: 553] [Vehicle ID: 410]
[2016/7/28 - 9:01:44] [VEHICLELOAD] [User: Thai Nguyen(1)] [Model: 454] [Vehicle ID: 411]
[2016/7/28 - 9:04:01] [VEHICLELOAD] [User: Thai Nguyen(1)] [Model: 411] [Vehicle ID: 1]
[2016/7/28 - 9:04:01] [VEHICLELOAD] [User: Thai Nguyen(1)] [Model: 409] [Vehicle ID: 409]
[2016/7/28 - 9:04:01] [VEHICLELOAD] [User: Thai Nguyen(1)] [Model: 553] [Vehicle ID: 410]
[2016/7/28 - 9:04:01] [VEHICLELOAD] [User: Thai Nguyen(1)] [Model: 454] [Vehicle ID: 411]
[2016/7/28 - 22:26:56] [VEHICLELOAD] [User: Thai Nguyen(1)] [Model: 411] [Vehicle ID: 1]
[2016/7/28 - 22:26:56] [VEHICLELOAD] [User: Thai Nguyen(1)] [Model: 409] [Vehicle ID: 409]
[2016/7/28 - 22:26:56] [VEHICLELOAD] [User: Thai Nguyen(1)] [Model: 553] [Vehicle ID: 410]
[2016/7/28 - 22:26:56] [VEHICLELOAD] [User: Thai Nguyen(1)] [Model: 454] [Vehicle ID: 411]
[2016/7/28 - 22:34:32] [VEHICLELOAD] [User: Charles Smith(2)] [Model: 481] [Vehicle ID: 183]
[2016/7/28 - 22:39:20] [VEHICLELOAD] [User: Charles Smith(2)] [Model: 481] [Vehicle ID: 183]
[2016/7/29 - 7:49:16] [VEHICLELOAD] [User: Thai Nguyen(1)] [Model: 411] [Vehicle ID: 1]
[2016/7/29 - 7:49:16] [VEHICLELOAD] [User: Thai Nguyen(1)] [Model: 409] [Vehicle ID: 409]
[2016/7/29 - 7:49:16] [VEHICLELOAD] [User: Thai Nguyen(1)] [Model: 553] [Vehicle ID: 410]
[2016/7/29 - 7:49:16] [VEHICLELOAD] [User: Thai Nguyen(1)] [Model: 454] [Vehicle ID: 411]
[2016/7/29 - 14:01:13] [VEHICLELOAD] [User: Thai Nguyen(1)] [Model: 411] [Vehicle ID: 1]
[2016/7/29 - 14:01:13] [VEHICLELOAD] [User: Thai Nguyen(1)] [Model: 409] [Vehicle ID: 409]
[2016/7/29 - 14:01:13] [VEHICLELOAD] [User: Thai Nguyen(1)] [Model: 553] [Vehicle ID: 410]
[2016/7/29 - 14:01:13] [VEHICLELOAD] [User: Thai Nguyen(1)] [Model: 454] [Vehicle ID: 411]
[2016/7/29 - 14:28:12] [VEHICLELOAD] [User: Thai Nguyen(1)] [Model: 411] [Vehicle ID: 1]
[2016/7/29 - 14:28:12] [VEHICLELOAD] [User: Thai Nguyen(1)] [Model: 409] [Vehicle ID: 409]
[2016/7/29 - 14:28:12] [VEHICLELOAD] [User: Thai Nguyen(1)] [Model: 553] [Vehicle ID: 410]
[2016/7/29 - 14:28:12] [VEHICLELOAD] [User: Thai Nguyen(1)] [Model: 454] [Vehicle ID: 411]
[2016/7/29 - 14:36:56] [VEHICLELOAD] [User: Thai Nguyen(1)] [Model: 411] [Vehicle ID: 1]
[2016/7/29 - 14:36:56] [VEHICLELOAD] [User: Thai Nguyen(1)] [Model: 409] [Vehicle ID: 409]
[2016/7/29 - 14:36:56] [VEHICLELOAD] [User: Thai Nguyen(1)] [Model: 553] [Vehicle ID: 410]
[2016/7/29 - 14:36:56] [VEHICLELOAD] [User: Thai Nguyen(1)] [Model: 454] [Vehicle ID: 411]
[2016/7/29 - 14:50:26] [VEHICLELOAD] [User: Thai Nguyen(1)] [Model: 411] [Vehicle ID: 1]
[2016/7/29 - 14:50:26] [VEHICLELOAD] [User: Thai Nguyen(1)] [Model: 409] [Vehicle ID: 409]
[2016/7/29 - 14:50:26] [VEHICLELOAD] [User: Thai Nguyen(1)] [Model: 553] [Vehicle ID: 410]
[2016/7/29 - 14:50:26] [VEHICLELOAD] [User: Thai Nguyen(1)] [Model: 454] [Vehicle ID: 411]
[2016/7/30 - 20:59:17] [VEHICLELOAD] [User: Thai Nguyen(1)] [Model: 411] [Vehicle ID: 1]
[2016/7/30 - 20:59:17] [VEHICLELOAD] [User: Thai Nguyen(1)] [Model: 409] [Vehicle ID: 409]
[2016/7/30 - 20:59:17] [VEHICLELOAD] [User: Thai Nguyen(1)] [Model: 553] [Vehicle ID: 410]
[2016/7/30 - 20:59:17] [VEHICLELOAD] [User: Thai Nguyen(1)] [Model: 454] [Vehicle ID: 411]
[2016/7/30 - 21:13:16] [VEHICLELOAD] [User: Thai Nguyen(1)] [Model: 411] [Vehicle ID: 1]
[2016/7/30 - 21:13:16] [VEHICLELOAD] [User: Thai Nguyen(1)] [Model: 409] [Vehicle ID: 409]
[2016/7/30 - 21:13:16] [VEHICLELOAD] [User: Thai Nguyen(1)] [Model: 553] [Vehicle ID: 410]
[2016/7/30 - 21:13:16] [VEHICLELOAD] [User: Thai Nguyen(1)] [Model: 454] [Vehicle ID: 411]
[2016/7/30 - 21:20:36] [VEHICLELOAD] [User: Thai Nguyen(1)] [Model: 411] [Vehicle ID: 1]
[2016/7/30 - 21:20:36] [VEHICLELOAD] [User: Thai Nguyen(1)] [Model: 409] [Vehicle ID: 409]
[2016/7/30 - 21:20:36] [VEHICLELOAD] [User: Thai Nguyen(1)] [Model: 553] [Vehicle ID: 410]
[2016/7/30 - 21:20:36] [VEHICLELOAD] [User: Thai Nguyen(1)] [Model: 454] [Vehicle ID: 411]
[2016/7/30 - 21:29:24] [VEHICLELOAD] [User: Thai Nguyen(1)] [Model: 411] [Vehicle ID: 1]
[2016/7/30 - 21:29:24] [VEHICLELOAD] [User: Thai Nguyen(1)] [Model: 409] [Vehicle ID: 409]
[2016/7/30 - 21:29:24] [VEHICLELOAD] [User: Thai Nguyen(1)] [Model: 553] [Vehicle ID: 410]
[2016/7/30 - 21:29:24] [VEHICLELOAD] [User: Thai Nguyen(1)] [Model: 454] [Vehicle ID: 411]
[2016/7/30 - 21:34:25] [VEHICLELOAD] [User: Thai Nguyen(1)] [Model: 411] [Vehicle ID: 1]
[2016/7/30 - 21:34:25] [VEHICLELOAD] [User: Thai Nguyen(1)] [Model: 409] [Vehicle ID: 409]
[2016/7/30 - 21:34:25] [VEHICLELOAD] [User: Thai Nguyen(1)] [Model: 553] [Vehicle ID: 410]
[2016/7/30 - 21:34:25] [VEHICLELOAD] [User: Thai Nguyen(1)] [Model: 454] [Vehicle ID: 411]
[2016/7/30 - 21:42:30] [VEHICLELOAD] [User: Thai Nguyen(1)] [Model: 411] [Vehicle ID: 1]
[2016/7/30 - 21:42:30] [VEHICLELOAD] [User: Thai Nguyen(1)] [Model: 409] [Vehicle ID: 409]
[2016/7/30 - 21:42:30] [VEHICLELOAD] [User: Thai Nguyen(1)] [Model: 553] [Vehicle ID: 410]
[2016/7/30 - 21:42:30] [VEHICLELOAD] [User: Thai Nguyen(1)] [Model: 454] [Vehicle ID: 411]
[2016/7/31 - 21:22:06] [VEHICLELOAD] [User: Thai Nguyen(1)] [Model: 411] [Vehicle ID: 1]
[2016/7/31 - 21:22:06] [VEHICLELOAD] [User: Thai Nguyen(1)] [Model: 409] [Vehicle ID: 409]
[2016/7/31 - 21:22:06] [VEHICLELOAD] [User: Thai Nguyen(1)] [Model: 553] [Vehicle ID: 410]
[2016/7/31 - 21:22:06] [VEHICLELOAD] [User: Thai Nguyen(1)] [Model: 454] [Vehicle ID: 411]
[2016/7/31 - 21:44:44] [VEHICLELOAD] [User: Thai Nguyen(1)] [Model: 411] [Vehicle ID: 1]
[2016/7/31 - 21:44:44] [VEHICLELOAD] [User: Thai Nguyen(1)] [Model: 409] [Vehicle ID: 409]
[2016/7/31 - 21:44:44] [VEHICLELOAD] [User: Thai Nguyen(1)] [Model: 553] [Vehicle ID: 410]
[2016/7/31 - 21:44:44] [VEHICLELOAD] [User: Thai Nguyen(1)] [Model: 454] [Vehicle ID: 411]
[2016/7/31 - 21:58:37] [VEHICLELOAD] [User: Thai Nguyen(1)] [Model: 411] [Vehicle ID: 1]
[2016/7/31 - 21:58:37] [VEHICLELOAD] [User: Thai Nguyen(1)] [Model: 409] [Vehicle ID: 409]
[2016/7/31 - 21:58:37] [VEHICLELOAD] [User: Thai Nguyen(1)] [Model: 553] [Vehicle ID: 410]
[2016/7/31 - 21:58:37] [VEHICLELOAD] [User: Thai Nguyen(1)] [Model: 454] [Vehicle ID: 411]
[2016/8/1 - 11:06:57] [VEHICLELOAD] [User: Thai Nguyen(1)] [Model: 411] [Vehicle ID: 1]
[2016/8/1 - 11:06:57] [VEHICLELOAD] [User: Thai Nguyen(1)] [Model: 409] [Vehicle ID: 409]
[2016/8/1 - 11:06:57] [VEHICLELOAD] [User: Thai Nguyen(1)] [Model: 553] [Vehicle ID: 410]
[2016/8/1 - 11:06:57] [VEHICLELOAD] [User: Thai Nguyen(1)] [Model: 454] [Vehicle ID: 411]
[2016/8/1 - 11:23:39] [VEHICLELOAD] [User: Thai Nguyen(1)] [Model: 411] [Vehicle ID: 1]
[2016/8/1 - 11:23:39] [VEHICLELOAD] [User: Thai Nguyen(1)] [Model: 409] [Vehicle ID: 409]
[2016/8/1 - 11:23:39] [VEHICLELOAD] [User: Thai Nguyen(1)] [Model: 553] [Vehicle ID: 410]
[2016/8/1 - 11:23:39] [VEHICLELOAD] [User: Thai Nguyen(1)] [Model: 454] [Vehicle ID: 411]
[2016/8/1 - 11:34:47] [VEHICLELOAD] [User: Thai Nguyen(1)] [Model: 411] [Vehicle ID: 1]
[2016/8/1 - 11:34:47] [VEHICLELOAD] [User: Thai Nguyen(1)] [Model: 409] [Vehicle ID: 409]
[2016/8/1 - 11:34:47] [VEHICLELOAD] [User: Thai Nguyen(1)] [Model: 553] [Vehicle ID: 410]
[2016/8/1 - 11:34:47] [VEHICLELOAD] [User: Thai Nguyen(1)] [Model: 454] [Vehicle ID: 411]
[2016/8/1 - 11:48:46] [VEHICLELOAD] [User: Thai Nguyen(1)] [Model: 411] [Vehicle ID: 1]
[2016/8/1 - 11:48:46] [VEHICLELOAD] [User: Thai Nguyen(1)] [Model: 409] [Vehicle ID: 409]
[2016/8/1 - 11:48:46] [VEHICLELOAD] [User: Thai Nguyen(1)] [Model: 553] [Vehicle ID: 410]
[2016/8/1 - 11:48:46] [VEHICLELOAD] [User: Thai Nguyen(1)] [Model: 454] [Vehicle ID: 411]
[2016/8/1 - 11:59:11] [VEHICLELOAD] [User: Thai Nguyen(1)] [Model: 411] [Vehicle ID: 1]
[2016/8/1 - 11:59:11] [VEHICLELOAD] [User: Thai Nguyen(1)] [Model: 409] [Vehicle ID: 409]
[2016/8/1 - 11:59:11] [VEHICLELOAD] [User: Thai Nguyen(1)] [Model: 553] [Vehicle ID: 410]
[2016/8/1 - 11:59:11] [VEHICLELOAD] [User: Thai Nguyen(1)] [Model: 454] [Vehicle ID: 411]
[2016/8/1 - 12:00:56] [VEHICLELOAD] [User: Thai Nguyen(1)] [Model: 411] [Vehicle ID: 1]
[2016/8/1 - 12:00:56] [VEHICLELOAD] [User: Thai Nguyen(1)] [Model: 409] [Vehicle ID: 409]
[2016/8/1 - 12:00:56] [VEHICLELOAD] [User: Thai Nguyen(1)] [Model: 553] [Vehicle ID: 410]
[2016/8/1 - 12:00:56] [VEHICLELOAD] [User: Thai Nguyen(1)] [Model: 454] [Vehicle ID: 411]
[2016/8/1 - 20:08:29] [VEHICLELOAD] [User: Thai Nguyen(1)] [Model: 411] [Vehicle ID: 1]
[2016/8/1 - 20:08:29] [VEHICLELOAD] [User: Thai Nguyen(1)] [Model: 409] [Vehicle ID: 409]
[2016/8/1 - 20:08:29] [VEHICLELOAD] [User: Thai Nguyen(1)] [Model: 553] [Vehicle ID: 410]
[2016/8/1 - 20:08:29] [VEHICLELOAD] [User: Thai Nguyen(1)] [Model: 454] [Vehicle ID: 411]
[2016/8/1 - 20:10:41] [VEHICLELOAD] [User: Thai Nguyen(1)] [Model: 411] [Vehicle ID: 1]
[2016/8/1 - 20:10:41] [VEHICLELOAD] [User: Thai Nguyen(1)] [Model: 409] [Vehicle ID: 409]
[2016/8/1 - 20:10:41] [VEHICLELOAD] [User: Thai Nguyen(1)] [Model: 553] [Vehicle ID: 410]
[2016/8/1 - 20:10:41] [VEHICLELOAD] [User: Thai Nguyen(1)] [Model: 454] [Vehicle ID: 411]
[2016/8/14 - 10:10:24] [VEHICLELOAD] [User: Thai Nguyen(1)] [Model: 411] [Vehicle ID: 1]
[2016/8/14 - 10:10:24] [VEHICLELOAD] [User: Thai Nguyen(1)] [Model: 409] [Vehicle ID: 409]
[2016/8/14 - 10:10:24] [VEHICLELOAD] [User: Thai Nguyen(1)] [Model: 553] [Vehicle ID: 410]
[2016/8/14 - 10:10:24] [VEHICLELOAD] [User: Thai Nguyen(1)] [Model: 454] [Vehicle ID: 411]
[2016/8/14 - 10:10:57] [VEHICLESAVE] [User: Thai Nguyen(1)] [Model: 411] [Vehicle ID: 1]
[2016/8/14 - 10:27:00] [VEHICLELOAD] [User: Thai Nguyen(1)] [Model: 411] [Vehicle ID: 1]
[2016/8/14 - 10:27:00] [VEHICLELOAD] [User: Thai Nguyen(1)] [Model: 409] [Vehicle ID: 409]
[2016/8/14 - 10:27:00] [VEHICLELOAD] [User: Thai Nguyen(1)] [Model: 553] [Vehicle ID: 410]
[2016/8/14 - 10:27:00] [VEHICLELOAD] [User: Thai Nguyen(1)] [Model: 454] [Vehicle ID: 411]
[2016/8/14 - 10:27:07] [VEHICLESAVE] [User: Thai Nguyen(1)] [Model: 411] [Vehicle ID: 1]
[2016/8/14 - 10:43:42] [VEHICLELOAD] [User: Thai Nguyen(1)] [Model: 411] [Vehicle ID: 1]
[2016/8/14 - 10:43:42] [VEHICLELOAD] [User: Thai Nguyen(1)] [Model: 409] [Vehicle ID: 409]
[2016/8/14 - 10:43:42] [VEHICLELOAD] [User: Thai Nguyen(1)] [Model: 553] [Vehicle ID: 410]
[2016/8/14 - 10:43:42] [VEHICLELOAD] [User: Thai Nguyen(1)] [Model: 454] [Vehicle ID: 411]
[2016/8/14 - 10:43:49] [VEHICLESAVE] [User: Thai Nguyen(1)] [Model: 411] [Vehicle ID: 1]
[2016/8/14 - 10:58:15] [VEHICLELOAD] [User: Thai Nguyen(1)] [Model: 411] [Vehicle ID: 1]
[2016/8/14 - 10:58:15] [VEHICLELOAD] [User: Thai Nguyen(1)] [Model: 409] [Vehicle ID: 409]
[2016/8/14 - 10:58:15] [VEHICLELOAD] [User: Thai Nguyen(1)] [Model: 553] [Vehicle ID: 410]
[2016/8/14 - 10:58:15] [VEHICLELOAD] [User: Thai Nguyen(1)] [Model: 454] [Vehicle ID: 411]
[2016/8/14 - 10:58:21] [VEHICLESAVE] [User: Thai Nguyen(1)] [Model: 411] [Vehicle ID: 1]
[2016/8/14 - 10:59:43] [VEHICLELOAD] [User: Thai Nguyen(1)] [Model: 411] [Vehicle ID: 1]
[2016/8/14 - 10:59:43] [VEHICLELOAD] [User: Thai Nguyen(1)] [Model: 409] [Vehicle ID: 409]
[2016/8/14 - 10:59:43] [VEHICLELOAD] [User: Thai Nguyen(1)] [Model: 553] [Vehicle ID: 410]
[2016/8/14 - 10:59:43] [VEHICLELOAD] [User: Thai Nguyen(1)] [Model: 454] [Vehicle ID: 411]
[2016/8/14 - 10:59:45] [VEHICLESAVE] [User: Thai Nguyen(1)] [Model: 411] [Vehicle ID: 1]
[2016/8/14 - 11:13:19] [VEHICLELOAD] [User: Thai Nguyen(1)] [Model: 411] [Vehicle ID: 1]
[2016/8/14 - 11:13:19] [VEHICLELOAD] [User: Thai Nguyen(1)] [Model: 409] [Vehicle ID: 409]
[2016/8/14 - 11:13:19] [VEHICLELOAD] [User: Thai Nguyen(1)] [Model: 553] [Vehicle ID: 410]
[2016/8/14 - 11:13:19] [VEHICLELOAD] [User: Thai Nguyen(1)] [Model: 454] [Vehicle ID: 411]
[2016/8/14 - 11:13:28] [VEHICLESAVE] [User: Thai Nguyen(1)] [Model: 411] [Vehicle ID: 1]
[2016/8/14 - 11:23:29] [VEHICLELOAD] [User: Thai Nguyen(1)] [Model: 411] [Vehicle ID: 1]
[2016/8/14 - 11:23:29] [VEHICLELOAD] [User: Thai Nguyen(1)] [Model: 409] [Vehicle ID: 409]
[2016/8/14 - 11:23:29] [VEHICLELOAD] [User: Thai Nguyen(1)] [Model: 553] [Vehicle ID: 410]
[2016/8/14 - 11:23:29] [VEHICLELOAD] [User: Thai Nguyen(1)] [Model: 454] [Vehicle ID: 411]
[2016/8/14 - 11:23:34] [VEHICLESAVE] [User: Thai Nguyen(1)] [Model: 411] [Vehicle ID: 1]
[2016/8/14 - 11:36:08] [VEHICLELOAD] [User: Thai Nguyen(1)] [Model: 411] [Vehicle ID: 1]
[2016/8/14 - 11:36:08] [VEHICLELOAD] [User: Thai Nguyen(1)] [Model: 409] [Vehicle ID: 409]
[2016/8/14 - 11:36:08] [VEHICLELOAD] [User: Thai Nguyen(1)] [Model: 553] [Vehicle ID: 410]
[2016/8/14 - 11:36:08] [VEHICLELOAD] [User: Thai Nguyen(1)] [Model: 454] [Vehicle ID: 411]
[2016/8/14 - 11:36:16] [VEHICLESAVE] [User: Thai Nguyen(1)] [Model: 411] [Vehicle ID: 1]
[2016/8/14 - 11:48:23] [VEHICLELOAD] [User: Thai nguyen(1)] [Model: 411] [Vehicle ID: 1]
[2016/8/14 - 11:48:23] [VEHICLELOAD] [User: Thai nguyen(1)] [Model: 409] [Vehicle ID: 409]
[2016/8/14 - 11:48:23] [VEHICLELOAD] [User: Thai nguyen(1)] [Model: 553] [Vehicle ID: 410]
[2016/8/14 - 11:48:23] [VEHICLELOAD] [User: Thai nguyen(1)] [Model: 454] [Vehicle ID: 411]
[2016/8/14 - 11:48:31] [VEHICLESAVE] [User: Thai nguyen(1)] [Model: 411] [Vehicle ID: 1]
[2016/8/14 - 11:58:02] [VEHICLELOAD] [User: thai Nguyen(1)] [Model: 411] [Vehicle ID: 1]
[2016/8/14 - 11:58:02] [VEHICLELOAD] [User: thai Nguyen(1)] [Model: 409] [Vehicle ID: 409]
[2016/8/14 - 11:58:02] [VEHICLELOAD] [User: thai Nguyen(1)] [Model: 553] [Vehicle ID: 410]
[2016/8/14 - 11:58:02] [VEHICLELOAD] [User: thai Nguyen(1)] [Model: 454] [Vehicle ID: 411]
[2016/8/14 - 11:58:14] [VEHICLESAVE] [User: thai Nguyen(1)] [Model: 411] [Vehicle ID: 1]
[2016/8/14 - 12:04:18] [VEHICLELOAD] [User: Thai Nguyen(1)] [Model: 411] [Vehicle ID: 1]
[2016/8/14 - 12:04:18] [VEHICLELOAD] [User: Thai Nguyen(1)] [Model: 409] [Vehicle ID: 409]
[2016/8/14 - 12:04:18] [VEHICLELOAD] [User: Thai Nguyen(1)] [Model: 553] [Vehicle ID: 410]
[2016/8/14 - 12:04:18] [VEHICLELOAD] [User: Thai Nguyen(1)] [Model: 454] [Vehicle ID: 411]
[2016/8/14 - 12:04:27] [VEHICLESAVE] [User: Thai Nguyen(1)] [Model: 411] [Vehicle ID: 1]
[2016/8/14 - 12:09:13] [VEHICLELOAD] [User: Thai Nguyen(1)] [Model: 411] [Vehicle ID: 1]
[2016/8/14 - 12:09:13] [VEHICLELOAD] [User: Thai Nguyen(1)] [Model: 409] [Vehicle ID: 409]
[2016/8/14 - 12:09:13] [VEHICLELOAD] [User: Thai Nguyen(1)] [Model: 553] [Vehicle ID: 410]
[2016/8/14 - 12:09:13] [VEHICLELOAD] [User: Thai Nguyen(1)] [Model: 454] [Vehicle ID: 411]
[2016/8/14 - 12:09:18] [VEHICLESAVE] [User: Thai Nguyen(1)] [Model: 411] [Vehicle ID: 1]
[2016/8/14 - 12:17:34] [VEHICLELOAD] [User: Thai Nguyen(1)] [Model: 411] [Vehicle ID: 1]
[2016/8/14 - 12:17:34] [VEHICLELOAD] [User: Thai Nguyen(1)] [Model: 409] [Vehicle ID: 409]
[2016/8/14 - 12:17:34] [VEHICLELOAD] [User: Thai Nguyen(1)] [Model: 553] [Vehicle ID: 410]
[2016/8/14 - 12:17:34] [VEHICLELOAD] [User: Thai Nguyen(1)] [Model: 454] [Vehicle ID: 411]
[2016/8/14 - 12:17:40] [VEHICLESAVE] [User: Thai Nguyen(1)] [Model: 411] [Vehicle ID: 1]
[2016/8/14 - 12:32:31] [VEHICLELOAD] [User: Thai Nguyen(1)] [Model: 411] [Vehicle ID: 1]
[2016/8/14 - 12:32:31] [VEHICLELOAD] [User: Thai Nguyen(1)] [Model: 409] [Vehicle ID: 409]
[2016/8/14 - 12:32:31] [VEHICLELOAD] [User: Thai Nguyen(1)] [Model: 553] [Vehicle ID: 410]
[2016/8/14 - 12:32:31] [VEHICLELOAD] [User: Thai Nguyen(1)] [Model: 454] [Vehicle ID: 411]
[2016/8/14 - 12:32:37] [VEHICLESAVE] [User: Thai Nguyen(1)] [Model: 411] [Vehicle ID: 1]
[2016/8/14 - 12:34:10] [VEHICLELOAD] [User: Tha Em(2)] [Model: 481] [Vehicle ID: 183]
[2016/8/14 - 12:35:07] [VEHICLELOAD] [User: Thai Nguyen(1)] [Model: 411] [Vehicle ID: 1]
[2016/8/14 - 12:35:07] [VEHICLELOAD] [User: Thai Nguyen(1)] [Model: 409] [Vehicle ID: 409]
[2016/8/14 - 12:35:07] [VEHICLELOAD] [User: Thai Nguyen(1)] [Model: 553] [Vehicle ID: 410]
[2016/8/14 - 12:35:07] [VEHICLELOAD] [User: Thai Nguyen(1)] [Model: 454] [Vehicle ID: 411]
[2016/8/14 - 12:36:24] [VEHICLELOAD] [User: Tha EM(2)] [Model: 481] [Vehicle ID: 183]
[2016/8/14 - 12:36:49] [VEHICLESAVE] [User: Thai Nguyen(1)] [Model: 411] [Vehicle ID: 1]
[2016/8/14 - 12:37:07] [VEHICLESAVE] [User: Tha EM(2)] [Model: 481] [Vehicle ID: 183]
[2016/8/14 - 12:37:32] [VEHICLESAVE] [User: Tha EM(2)] [Model: 440] [Vehicle ID: 1612]
[2016/8/14 - 12:42:05] [VEHICLESAVE] [User: Thai Nguyen(1)] [Model: 481] [Vehicle ID: 183]
[2016/8/14 - 12:42:08] [VEHICLESAVE] [User: Thai Nguyen(1)] [Model: 481] [Vehicle ID: 183]
[2016/8/14 - 12:42:38] [VEHICLESAVE] [User: Tha EM(2)] [Model: 411] [Vehicle ID: 1]
[2016/8/14 - 12:42:40] [VEHICLESAVE] [User: Tha EM(2)] [Model: 411] [Vehicle ID: 1]
[2016/8/14 - 12:45:33] [VEHICLELOAD] [User: Tha em(2)] [Model: 481] [Vehicle ID: 183]
[2016/8/14 - 12:45:33] [VEHICLELOAD] [User: Tha em(2)] [Model: 440] [Vehicle ID: 1612]
[2016/8/14 - 17:46:09] [VEHICLELOAD] [User: Thai nguyen(1)] [Model: 411] [Vehicle ID: 1]
[2016/8/14 - 17:46:34] [VEHICLESAVE] [User: Thai nguyen(1)] [Model: 411] [Vehicle ID: 1]
[2016/8/14 - 18:01:33] [VEHICLELOAD] [User: Thai nguyen(1)] [Model: 411] [Vehicle ID: 1]
[2016/8/14 - 18:01:40] [VEHICLESAVE] [User: Thai nguyen(1)] [Model: 411] [Vehicle ID: 1]
[2016/8/14 - 18:14:03] [VEHICLELOAD] [User: Thai Nguyen(1)] [Model: 411] [Vehicle ID: 1]
[2016/8/14 - 18:14:16] [VEHICLESAVE] [User: Thai Nguyen(1)] [Model: 411] [Vehicle ID: 1]
[2016/8/14 - 18:14:42] [VEHICLESAVE] [User: Thai Nguyen(1)] [Model: 411] [Vehicle ID: 1]
[2016/8/14 - 18:14:42] [VEHICLESAVE] [User: Thai Nguyen(1)] [Model: 411] [Vehicle ID: 1]
[2016/8/14 - 18:16:12] [VEHICLELOAD] [User: Thai Nguyen(1)] [Model: 411] [Vehicle ID: 1]
[2016/8/14 - 18:16:15] [VEHICLESAVE] [User: Thai Nguyen(1)] [Model: 411] [Vehicle ID: 1]
[2016/8/14 - 18:18:06] [VEHICLELOAD] [User: Thai Nguyen(1)] [Model: 411] [Vehicle ID: 1]
[2016/8/14 - 18:18:11] [VEHICLESAVE] [User: Thai Nguyen(1)] [Model: 411] [Vehicle ID: 1]
[2016/8/14 - 18:20:20] [VEHICLESAVE] [User: Test System(2)] [Model: 522] [Vehicle ID: 1612]
[2016/8/14 - 18:22:56] [VEHICLESAVE] [User: Thai Nguyen(1)] [Model: 411] [Vehicle ID: 1]
[2016/8/14 - 18:24:25] [VEHICLELOAD] [User: Thai Nguyen(1)] [Model: 411] [Vehicle ID: 1]
[2016/8/14 - 18:24:30] [VEHICLESAVE] [User: Thai Nguyen(1)] [Model: 411] [Vehicle ID: 1]
[2016/8/14 - 18:26:05] [VEHICLESAVE] [User: Test System(2)] [Model: 411] [Vehicle ID: 1]
[2016/8/14 - 18:26:05] [VEHICLESAVE] [User: Thai Nguyen(1)] [Model: 522] [Vehicle ID: 1612]
[2016/8/14 - 18:32:52] [VEHICLESAVE] [User: Thai Nguyen(1)] [Model: 411] [Vehicle ID: 1]
[2016/8/14 - 18:32:52] [VEHICLESAVE] [User: Test System(2)] [Model: 522] [Vehicle ID: 1612]
[2016/8/14 - 18:50:41] [VEHICLELOAD] [User: Thai Nguyen(1)] [Model: 411] [Vehicle ID: 1]
[2016/8/14 - 18:51:32] [VEHICLESAVE] [User: Thai Nguyen(1)] [Model: 411] [Vehicle ID: 1]
[2016/8/14 - 18:53:49] [VEHICLESAVE] [User: Test System(2)] [Model: 522] [Vehicle ID: 1612]
[2016/8/14 - 18:55:50] [VEHICLESAVE] [User: Thai Nguyen(1)] [Model: 522] [Vehicle ID: 1612]
[2016/8/14 - 18:55:50] [VEHICLESAVE] [User: Test System(2)] [Model: 411] [Vehicle ID: 1]
[2016/8/14 - 18:57:36] [VEHICLELOAD] [User: Thai Nguyen(1)] [Model: 522] [Vehicle ID: 1612]
[2016/8/15 - 13:18:32] [VEHICLELOAD] [User: Thai Nguyen(1)] [Model: 411] [Vehicle ID: 1]
[2016/8/15 - 13:18:32] [VEHICLELOAD] [User: Thai Nguyen(1)] [Model: 409] [Vehicle ID: 409]
[2016/8/15 - 13:18:32] [VEHICLELOAD] [User: Thai Nguyen(1)] [Model: 553] [Vehicle ID: 410]
[2016/8/15 - 13:18:32] [VEHICLELOAD] [User: Thai Nguyen(1)] [Model: 454] [Vehicle ID: 411]
[2016/8/23 - 12:32:10] [VEHICLELOAD] [User: Thai Nguyen(1)] [Model: 411] [Vehicle ID: 1]
[2016/8/23 - 12:32:11] [VEHICLELOAD] [User: Thai Nguyen(1)] [Model: 409] [Vehicle ID: 409]
[2016/8/23 - 12:32:11] [VEHICLELOAD] [User: Thai Nguyen(1)] [Model: 553] [Vehicle ID: 410]
[2016/8/23 - 12:32:11] [VEHICLELOAD] [User: Thai Nguyen(1)] [Model: 454] [Vehicle ID: 411]
[2016/8/23 - 12:34:32] [VEHICLELOAD] [User: Thai Nguyen(1)] [Model: 411] [Vehicle ID: 1]
[2016/8/23 - 12:34:32] [VEHICLELOAD] [User: Thai Nguyen(1)] [Model: 409] [Vehicle ID: 409]
[2016/8/23 - 12:34:32] [VEHICLELOAD] [User: Thai Nguyen(1)] [Model: 553] [Vehicle ID: 410]
[2016/8/23 - 12:34:32] [VEHICLELOAD] [User: Thai Nguyen(1)] [Model: 454] [Vehicle ID: 411]
[2016/8/23 - 12:43:58] [VEHICLELOAD] [User: Thai Nguyen(1)] [Model: 411] [Vehicle ID: 1]
[2016/8/23 - 12:43:58] [VEHICLELOAD] [User: Thai Nguyen(1)] [Model: 409] [Vehicle ID: 409]
[2016/8/23 - 12:43:58] [VEHICLELOAD] [User: Thai Nguyen(1)] [Model: 553] [Vehicle ID: 410]
[2016/8/23 - 12:43:58] [VEHICLELOAD] [User: Thai Nguyen(1)] [Model: 454] [Vehicle ID: 411]
[2016/8/23 - 12:46:19] [VEHICLELOAD] [User: Thai Nguyen(1)] [Model: 411] [Vehicle ID: 1]
[2016/8/23 - 12:46:19] [VEHICLELOAD] [User: Thai Nguyen(1)] [Model: 409] [Vehicle ID: 409]
[2016/8/23 - 12:46:19] [VEHICLELOAD] [User: Thai Nguyen(1)] [Model: 553] [Vehicle ID: 410]
[2016/8/23 - 12:46:19] [VEHICLELOAD] [User: Thai Nguyen(1)] [Model: 454] [Vehicle ID: 411]
[2016/8/23 - 12:48:31] [VEHICLELOAD] [User: Thai Nguyen(1)] [Model: 411] [Vehicle ID: 1]
[2016/8/23 - 12:48:31] [VEHICLELOAD] [User: Thai Nguyen(1)] [Model: 409] [Vehicle ID: 409]
[2016/8/23 - 12:48:31] [VEHICLELOAD] [User: Thai Nguyen(1)] [Model: 553] [Vehicle ID: 410]
[2016/8/23 - 12:48:31] [VEHICLELOAD] [User: Thai Nguyen(1)] [Model: 454] [Vehicle ID: 411]
[2016/8/23 - 14:05:57] [VEHICLELOAD] [User: Thai Nguyen(1)] [Model: 411] [Vehicle ID: 1]
[2016/8/23 - 14:05:57] [VEHICLELOAD] [User: Thai Nguyen(1)] [Model: 409] [Vehicle ID: 409]
[2016/8/23 - 14:05:57] [VEHICLELOAD] [User: Thai Nguyen(1)] [Model: 553] [Vehicle ID: 410]
[2016/8/23 - 14:05:57] [VEHICLELOAD] [User: Thai Nguyen(1)] [Model: 454] [Vehicle ID: 411]
[2016/8/23 - 14:06:44] [VEHICLESAVE] [User: Thai Nguyen(1)] [Model: 416] [Vehicle ID: 1612]
[2016/8/23 - 14:15:48] [VEHICLELOAD] [User: Thai Nguyen(1)] [Model: 411] [Vehicle ID: 1]
[2016/8/23 - 14:15:48] [VEHICLELOAD] [User: Thai Nguyen(1)] [Model: 409] [Vehicle ID: 409]
[2016/8/23 - 14:15:48] [VEHICLELOAD] [User: Thai Nguyen(1)] [Model: 553] [Vehicle ID: 410]
[2016/8/23 - 14:15:48] [VEHICLELOAD] [User: Thai Nguyen(1)] [Model: 454] [Vehicle ID: 411]
[2016/8/23 - 14:20:36] [VEHICLELOAD] [User: Thai Nguyen(1)] [Model: 411] [Vehicle ID: 1]
[2016/8/23 - 14:20:36] [VEHICLELOAD] [User: Thai Nguyen(1)] [Model: 409] [Vehicle ID: 409]
[2016/8/23 - 14:20:36] [VEHICLELOAD] [User: Thai Nguyen(1)] [Model: 553] [Vehicle ID: 410]
[2016/8/23 - 14:20:36] [VEHICLELOAD] [User: Thai Nguyen(1)] [Model: 454] [Vehicle ID: 411]
[2016/8/23 - 14:21:42] [VEHICLESAVE] [User: Thai Nguyen(1)] [Model: 411] [Vehicle ID: 1]
[2016/8/27 - 20:00:02] [VEHICLELOAD] [User: Test Test(2)] [Model: 481] [Vehicle ID: 183]
[2016/8/27 - 20:00:24] [VEHICLESAVE] [User: (2)] [Model: 440] [Vehicle ID: 1612]
[2016/8/27 - 20:01:03] [VEHICLELOAD] [User: Test Test(2)] [Model: 481] [Vehicle ID: 183]
[2016/8/27 - 20:03:32] [VEHICLELOAD] [User: Thai Nguyen(1)] [Model: 411] [Vehicle ID: 1]
[2016/8/27 - 20:03:32] [VEHICLELOAD] [User: Thai Nguyen(1)] [Model: 409] [Vehicle ID: 409]
[2016/8/27 - 20:03:32] [VEHICLELOAD] [User: Thai Nguyen(1)] [Model: 553] [Vehicle ID: 410]
[2016/8/27 - 20:03:32] [VEHICLELOAD] [User: Thai Nguyen(1)] [Model: 454] [Vehicle ID: 411]
[2016/8/27 - 20:04:51] [VEHICLESAVE] [User: Thai Nguyen(1)] [Model: 400] [Vehicle ID: 1613]
[2016/8/27 - 20:04:59] [VEHICLESAVE] [User: Thai Nguyen(1)] [Model: 400] [Vehicle ID: 1613]
[2016/8/27 - 20:05:00] [VEHICLESAVE] [User: Thai Nguyen(1)] [Model: 400] [Vehicle ID: 1613]
[2016/8/27 - 20:52:55] [VEHICLESAVE] [User: Thai Nguyen(1)] [Model: 409] [Vehicle ID: 1614]
[2016/8/27 - 20:53:06] [VEHICLESAVE] [User: Thai Nguyen(1)] [Model: 404] [Vehicle ID: 1615]
[2016/8/27 - 20:56:53] [VEHICLESAVE] [User: thai nguyen(1)] [Model: 409] [Vehicle ID: 1616]
[2016/8/27 - 20:57:02] [VEHICLESAVE] [User: thai nguyen(1)] [Model: 458] [Vehicle ID: 1617]
[2016/8/28 - 20:17:42] [VEHICLELOAD] [User: Thai Nguyen(1)] [Model: 411] [Vehicle ID: 1]
[2016/8/28 - 20:18:50] [VEHICLESAVE] [User: Thai Nguyen(1)] [Model: 440] [Vehicle ID: 2]
[2016/8/28 - 20:18:55] [VEHICLESAVE] [User: Thai Nguyen(1)] [Model: 412] [Vehicle ID: 3]
[2016/8/28 - 20:52:11] [VEHICLELOAD] [User: Thai Nguyen(1)] [Model: 411] [Vehicle ID: 1]
[2016/8/28 - 20:52:11] [VEHICLELOAD] [User: Thai Nguyen(1)] [Model: 440] [Vehicle ID: 2]
[2016/8/28 - 20:52:11] [VEHICLELOAD] [User: Thai Nguyen(1)] [Model: 412] [Vehicle ID: 3]
[2016/8/28 - 20:56:26] [VEHICLELOAD] [User: Thai Nguyen(1)] [Model: 411] [Vehicle ID: 1]
[2016/8/28 - 20:56:26] [VEHICLELOAD] [User: Thai Nguyen(1)] [Model: 440] [Vehicle ID: 2]
[2016/8/28 - 20:56:26] [VEHICLELOAD] [User: Thai Nguyen(1)] [Model: 412] [Vehicle ID: 3]
[2016/9/5 - 20:29:15] [VEHICLELOAD] [User: Thai Nguyen(1)] [Model: 411] [Vehicle ID: 1]
[2016/9/9 - 13:52:31] [VEHICLELOAD] [User: Thai Nguyen(1)] [Model: 411] [Vehicle ID: 1]
[2016/9/18 - 20:29:42] [VEHICLELOAD] [User: Thai Nguyen(1)] [Model: 411] [Vehicle ID: 1]
[2016/9/19 - 11:56:22] [VEHICLELOAD] [User: Thai Nguyen(1)] [Model: 411] [Vehicle ID: 1]
[2016/9/19 - 12:26:07] [VEHICLELOAD] [User: Thai Nguyen(1)] [Model: 411] [Vehicle ID: 1]
[2016/9/19 - 12:52:29] [VEHICLELOAD] [User: Thai Nguyen(1)] [Model: 411] [Vehicle ID: 1]
[2016/9/19 - 12:52:36] [VEHICLESAVE] [User: Thai Nguyen(1)] [Model: 411] [Vehicle ID: 1]
[2016/9/19 - 13:06:52] [VEHICLELOAD] [User: Thai Nguyen(1)] [Model: 411] [Vehicle ID: 1]
[2016/9/19 - 13:14:54] [VEHICLELOAD] [User: Thai Nguyen(1)] [Model: 411] [Vehicle ID: 1]
[2016/9/19 - 13:40:31] [VEHICLELOAD] [User: Thai Nguyen(1)] [Model: 411] [Vehicle ID: 1]
[2016/9/19 - 14:15:51] [VEHICLELOAD] [User: Thai Nguyen(1)] [Model: 411] [Vehicle ID: 1]
[2016/9/19 - 14:23:05] [VEHICLELOAD] [User: Thai Nguyen(1)] [Model: 411] [Vehicle ID: 1]
[2016/9/19 - 14:31:43] [VEHICLELOAD] [User: Thai Nguyen(1)] [Model: 411] [Vehicle ID: 1]
[2016/9/19 - 15:07:25] [VEHICLELOAD] [User: Thai Nguyen(1)] [Model: 411] [Vehicle ID: 1]
[2016/9/19 - 19:25:00] [VEHICLELOAD] [User: Thai Nguyen(1)] [Model: 411] [Vehicle ID: 1]
[2016/10/16 - 11:01:45] [VEHICLELOAD] [User: Thai Nguyen(1)] [Model: 411] [Vehicle ID: 1]
[2021/7/7 - 16:49:57] [VEHICLESAVE] [User: Kelly Walker(18901)] [Model: 560] [Vehicle ID: 22484]
[2021/7/7 - 16:50:39] [VEHICLESAVE] [User: Kelly Walker(18901)] [Model: 560] [Vehicle ID: 22484]
[2021/7/7 - 17:01:55] [VEHICLELOAD] [User: Kelly Walker(18901)] [Model: 560] [Vehicle ID: 22484]
[2021/7/9 - 18:39:09] [VEHICLELOAD] [User: K3ll6(18196)] [Model: 522] [Vehicle ID: 22568]
[2021/7/9 - 18:39:09] [VEHICLELOAD] [User: K3ll6(18196)] [Model: 461] [Vehicle ID: 22601]
[2021/7/9 - 18:45:04] [VEHICLELOAD] [User: K3ll6(18196)] [Model: 522] [Vehicle ID: 22568]
[2021/7/9 - 18:45:04] [VEHICLELOAD] [User: K3ll6(18196)] [Model: 461] [Vehicle ID: 22601]
[2021/7/10 - 21:25:12] [VEHICLELOAD] [User: K3ll6(18196)] [Model: 522] [Vehicle ID: 22568]
[2021/7/10 - 21:25:12] [VEHICLELOAD] [User: K3ll6(18196)] [Model: 461] [Vehicle ID: 22601]
[2021/7/10 - 21:32:54] [VEHICLELOAD] [User: K3ll6(18196)] [Model: 522] [Vehicle ID: 22568]
[2021/7/10 - 21:32:54] [VEHICLELOAD] [User: K3ll6(18196)] [Model: 461] [Vehicle ID: 22601]
[2021/7/10 - 21:44:05] [VEHICLELOAD] [User: K3ll6(18196)] [Model: 522] [Vehicle ID: 22568]
[2021/7/10 - 21:44:05] [VEHICLELOAD] [User: K3ll6(18196)] [Model: 461] [Vehicle ID: 22601]
